This is pdfTeX, Version 3.14159265-2.6-1.40.21 (TeX Live 2020/Debian) (preloaded format=pdflatex 2024.4.25)  25 JUL 2024 16:24
entering extended mode
 restricted \write18 enabled.
 %&-line parsing enabled.
**"Template Latex - Apresentacao - IFSP - SBV.tex"
(./Template Latex - Apresentacao - IFSP - SBV.tex
LaTeX2e <2020-10-01> patch level 4
L3 programming layer <2021-01-09> xparse <2020-03-03>
(/usr/share/texlive/texmf-dist/tex/latex/beamer/beamer.cls
Document Class: beamer 2020/11/26 v3.60 A class for typesetting presentations
(/usr/share/texlive/texmf-dist/tex/latex/beamer/beamerbasemodes.sty
(/usr/share/texlive/texmf-dist/tex/latex/etoolbox/etoolbox.sty
Package: etoolbox 2020/10/05 v2.5k e-TeX tools for LaTeX (JAW)
\etb@tempcnta=\count177
)
\beamer@tempbox=\box47
\beamer@tempcount=\count178
\c@beamerpauses=\count179

(/usr/share/texlive/texmf-dist/tex/latex/beamer/beamerbasedecode.sty
\beamer@slideinframe=\count180
\beamer@minimum=\count181
\beamer@decode@box=\box48
)
\beamer@commentbox=\box49
\beamer@modecount=\count182
)
(/usr/share/texlive/texmf-dist/tex/generic/iftex/ifpdf.sty
Package: ifpdf 2019/10/25 v3.4 ifpdf legacy package. Use iftex instead.

(/usr/share/texlive/texmf-dist/tex/generic/iftex/iftex.sty
Package: iftex 2020/03/06 v1.0d TeX engine tests
))
\headdp=\dimen138
\footheight=\dimen139
\sidebarheight=\dimen140
\beamer@tempdim=\dimen141
\beamer@finalheight=\dimen142
\beamer@animht=\dimen143
\beamer@animdp=\dimen144
\beamer@animwd=\dimen145
\beamer@leftmargin=\dimen146
\beamer@rightmargin=\dimen147
\beamer@leftsidebar=\dimen148
\beamer@rightsidebar=\dimen149
\beamer@boxsize=\dimen150
\beamer@vboxoffset=\dimen151
\beamer@descdefault=\dimen152
\beamer@descriptionwidth=\dimen153
\beamer@lastskip=\skip47
\beamer@areabox=\box50
\beamer@animcurrent=\box51
\beamer@animshowbox=\box52
\beamer@sectionbox=\box53
\beamer@logobox=\box54
\beamer@linebox=\box55
\beamer@sectioncount=\count183
\beamer@subsubsectionmax=\count184
\beamer@subsectionmax=\count185
\beamer@sectionmax=\count186
\beamer@totalheads=\count187
\beamer@headcounter=\count188
\beamer@partstartpage=\count189
\beamer@sectionstartpage=\count190
\beamer@subsectionstartpage=\count191
\beamer@animationtempa=\count192
\beamer@animationtempb=\count193
\beamer@xpos=\count194
\beamer@ypos=\count195
\beamer@ypos@offset=\count196
\beamer@showpartnumber=\count197
\beamer@currentsubsection=\count198
\beamer@coveringdepth=\count199
\beamer@sectionadjust=\count266
\beamer@tocsectionnumber=\count267

(/usr/share/texlive/texmf-dist/tex/latex/beamer/beamerbaseoptions.sty
(/usr/share/texlive/texmf-dist/tex/latex/graphics/keyval.sty
Package: keyval 2014/10/28 v1.15 key=value parser (DPC)
\KV@toks@=\toks15
))
\beamer@paperwidth=\skip48
\beamer@paperheight=\skip49

(/usr/share/texlive/texmf-dist/tex/latex/geometry/geometry.sty
Package: geometry 2020/01/02 v5.9 Page Geometry

(/usr/share/texlive/texmf-dist/tex/generic/iftex/ifvtex.sty
Package: ifvtex 2019/10/25 v1.7 ifvtex legacy package. Use iftex instead.
)
\Gm@cnth=\count268
\Gm@cntv=\count269
\c@Gm@tempcnt=\count270
\Gm@bindingoffset=\dimen154
\Gm@wd@mp=\dimen155
\Gm@odd@mp=\dimen156
\Gm@even@mp=\dimen157
\Gm@layoutwidth=\dimen158
\Gm@layoutheight=\dimen159
\Gm@layouthoffset=\dimen160
\Gm@layoutvoffset=\dimen161
\Gm@dimlist=\toks16
)
(/usr/share/texlive/texmf-dist/tex/latex/base/size11.clo
File: size11.clo 2020/04/10 v1.4m Standard LaTeX file (size option)
)
(/usr/share/texlive/texmf-dist/tex/latex/pgf/basiclayer/pgfcore.sty
(/usr/share/texlive/texmf-dist/tex/latex/graphics/graphicx.sty
Package: graphicx 2020/09/09 v1.2b Enhanced LaTeX Graphics (DPC,SPQR)

(/usr/share/texlive/texmf-dist/tex/latex/graphics/graphics.sty
Package: graphics 2020/08/30 v1.4c Standard LaTeX Graphics (DPC,SPQR)

(/usr/share/texlive/texmf-dist/tex/latex/graphics/trig.sty
Package: trig 2016/01/03 v1.10 sin cos tan (DPC)
)
(/usr/share/texlive/texmf-dist/tex/latex/graphics-cfg/graphics.cfg
File: graphics.cfg 2016/06/04 v1.11 sample graphics configuration
)
Package graphics Info: Driver file: pdftex.def on input line 105.

(/usr/share/texlive/texmf-dist/tex/latex/graphics-def/pdftex.def
File: pdftex.def 2020/10/05 v1.2a Graphics/color driver for pdftex
))
\Gin@req@height=\dimen162
\Gin@req@width=\dimen163
)
(/usr/share/texlive/texmf-dist/tex/latex/pgf/systemlayer/pgfsys.sty
(/usr/share/texlive/texmf-dist/tex/latex/pgf/utilities/pgfrcs.sty
(/usr/share/texlive/texmf-dist/tex/generic/pgf/utilities/pgfutil-common.tex
\pgfutil@everybye=\toks17
\pgfutil@tempdima=\dimen164
\pgfutil@tempdimb=\dimen165

(/usr/share/texlive/texmf-dist/tex/generic/pgf/utilities/pgfutil-common-lists.t
ex)) (/usr/share/texlive/texmf-dist/tex/generic/pgf/utilities/pgfutil-latex.def
\pgfutil@abb=\box56
) (/usr/share/texlive/texmf-dist/tex/generic/pgf/utilities/pgfrcs.code.tex
(/usr/share/texlive/texmf-dist/tex/generic/pgf/pgf.revision.tex)
Package: pgfrcs 2020/12/27 v3.1.8b (3.1.8b)
))
(/usr/share/texlive/texmf-dist/tex/generic/pgf/systemlayer/pgfsys.code.tex
Package: pgfsys 2020/12/27 v3.1.8b (3.1.8b)

(/usr/share/texlive/texmf-dist/tex/generic/pgf/utilities/pgfkeys.code.tex
\pgfkeys@pathtoks=\toks18
\pgfkeys@temptoks=\toks19

(/usr/share/texlive/texmf-dist/tex/generic/pgf/utilities/pgfkeysfiltered.code.t
ex
\pgfkeys@tmptoks=\toks20
))
\pgf@x=\dimen166
\pgf@y=\dimen167
\pgf@xa=\dimen168
\pgf@ya=\dimen169
\pgf@xb=\dimen170
\pgf@yb=\dimen171
\pgf@xc=\dimen172
\pgf@yc=\dimen173
\pgf@xd=\dimen174
\pgf@yd=\dimen175
\w@pgf@writea=\write3
\r@pgf@reada=\read2
\c@pgf@counta=\count271
\c@pgf@countb=\count272
\c@pgf@countc=\count273
\c@pgf@countd=\count274
\t@pgf@toka=\toks21
\t@pgf@tokb=\toks22
\t@pgf@tokc=\toks23
\pgf@sys@id@count=\count275
 (/usr/share/texlive/texmf-dist/tex/generic/pgf/systemlayer/pgf.cfg
File: pgf.cfg 2020/12/27 v3.1.8b (3.1.8b)
)
Driver file for pgf: pgfsys-pdftex.def

(/usr/share/texlive/texmf-dist/tex/generic/pgf/systemlayer/pgfsys-pdftex.def
File: pgfsys-pdftex.def 2020/12/27 v3.1.8b (3.1.8b)

(/usr/share/texlive/texmf-dist/tex/generic/pgf/systemlayer/pgfsys-common-pdf.de
f
File: pgfsys-common-pdf.def 2020/12/27 v3.1.8b (3.1.8b)
)))
(/usr/share/texlive/texmf-dist/tex/generic/pgf/systemlayer/pgfsyssoftpath.code.
tex
File: pgfsyssoftpath.code.tex 2020/12/27 v3.1.8b (3.1.8b)
\pgfsyssoftpath@smallbuffer@items=\count276
\pgfsyssoftpath@bigbuffer@items=\count277
)
(/usr/share/texlive/texmf-dist/tex/generic/pgf/systemlayer/pgfsysprotocol.code.
tex
File: pgfsysprotocol.code.tex 2020/12/27 v3.1.8b (3.1.8b)
)) (/usr/share/texlive/texmf-dist/tex/latex/xcolor/xcolor.sty
Package: xcolor 2016/05/11 v2.12 LaTeX color extensions (UK)

(/usr/share/texlive/texmf-dist/tex/latex/graphics-cfg/color.cfg
File: color.cfg 2016/01/02 v1.6 sample color configuration
)
Package xcolor Info: Driver file: pdftex.def on input line 225.
Package xcolor Info: Model `cmy' substituted by `cmy0' on input line 1348.
Package xcolor Info: Model `hsb' substituted by `rgb' on input line 1352.
Package xcolor Info: Model `RGB' extended on input line 1364.
Package xcolor Info: Model `HTML' substituted by `rgb' on input line 1366.
Package xcolor Info: Model `Hsb' substituted by `hsb' on input line 1367.
Package xcolor Info: Model `tHsb' substituted by `hsb' on input line 1368.
Package xcolor Info: Model `HSB' substituted by `hsb' on input line 1369.
Package xcolor Info: Model `Gray' substituted by `gray' on input line 1370.
Package xcolor Info: Model `wave' substituted by `hsb' on input line 1371.
)
(/usr/share/texlive/texmf-dist/tex/generic/pgf/basiclayer/pgfcore.code.tex
Package: pgfcore 2020/12/27 v3.1.8b (3.1.8b)

(/usr/share/texlive/texmf-dist/tex/generic/pgf/math/pgfmath.code.tex
(/usr/share/texlive/texmf-dist/tex/generic/pgf/math/pgfmathcalc.code.tex
(/usr/share/texlive/texmf-dist/tex/generic/pgf/math/pgfmathutil.code.tex)
(/usr/share/texlive/texmf-dist/tex/generic/pgf/math/pgfmathparser.code.tex
\pgfmath@dimen=\dimen176
\pgfmath@count=\count278
\pgfmath@box=\box57
\pgfmath@toks=\toks24
\pgfmath@stack@operand=\toks25
\pgfmath@stack@operation=\toks26
)
(/usr/share/texlive/texmf-dist/tex/generic/pgf/math/pgfmathfunctions.code.tex
(/usr/share/texlive/texmf-dist/tex/generic/pgf/math/pgfmathfunctions.basic.code
.tex)
(/usr/share/texlive/texmf-dist/tex/generic/pgf/math/pgfmathfunctions.trigonomet
ric.code.tex)
(/usr/share/texlive/texmf-dist/tex/generic/pgf/math/pgfmathfunctions.random.cod
e.tex)
(/usr/share/texlive/texmf-dist/tex/generic/pgf/math/pgfmathfunctions.comparison
.code.tex)
(/usr/share/texlive/texmf-dist/tex/generic/pgf/math/pgfmathfunctions.base.code.
tex)
(/usr/share/texlive/texmf-dist/tex/generic/pgf/math/pgfmathfunctions.round.code
.tex)
(/usr/share/texlive/texmf-dist/tex/generic/pgf/math/pgfmathfunctions.misc.code.
tex)
(/usr/share/texlive/texmf-dist/tex/generic/pgf/math/pgfmathfunctions.integerari
thmetics.code.tex)))
(/usr/share/texlive/texmf-dist/tex/generic/pgf/math/pgfmathfloat.code.tex
\c@pgfmathroundto@lastzeros=\count279
))
(/usr/share/texlive/texmf-dist/tex/generic/pgf/math/pgfint.code.tex)
(/usr/share/texlive/texmf-dist/tex/generic/pgf/basiclayer/pgfcorepoints.code.te
x
File: pgfcorepoints.code.tex 2020/12/27 v3.1.8b (3.1.8b)
\pgf@picminx=\dimen177
\pgf@picmaxx=\dimen178
\pgf@picminy=\dimen179
\pgf@picmaxy=\dimen180
\pgf@pathminx=\dimen181
\pgf@pathmaxx=\dimen182
\pgf@pathminy=\dimen183
\pgf@pathmaxy=\dimen184
\pgf@xx=\dimen185
\pgf@xy=\dimen186
\pgf@yx=\dimen187
\pgf@yy=\dimen188
\pgf@zx=\dimen189
\pgf@zy=\dimen190
)
(/usr/share/texlive/texmf-dist/tex/generic/pgf/basiclayer/pgfcorepathconstruct.
code.tex
File: pgfcorepathconstruct.code.tex 2020/12/27 v3.1.8b (3.1.8b)
\pgf@path@lastx=\dimen191
\pgf@path@lasty=\dimen192
)
(/usr/share/texlive/texmf-dist/tex/generic/pgf/basiclayer/pgfcorepathusage.code
.tex
File: pgfcorepathusage.code.tex 2020/12/27 v3.1.8b (3.1.8b)
\pgf@shorten@end@additional=\dimen193
\pgf@shorten@start@additional=\dimen194
)
(/usr/share/texlive/texmf-dist/tex/generic/pgf/basiclayer/pgfcorescopes.code.te
x
File: pgfcorescopes.code.tex 2020/12/27 v3.1.8b (3.1.8b)
\pgfpic=\box58
\pgf@hbox=\box59
\pgf@layerbox@main=\box60
\pgf@picture@serial@count=\count280
)
(/usr/share/texlive/texmf-dist/tex/generic/pgf/basiclayer/pgfcoregraphicstate.c
ode.tex
File: pgfcoregraphicstate.code.tex 2020/12/27 v3.1.8b (3.1.8b)
\pgflinewidth=\dimen195
)
(/usr/share/texlive/texmf-dist/tex/generic/pgf/basiclayer/pgfcoretransformation
s.code.tex
File: pgfcoretransformations.code.tex 2020/12/27 v3.1.8b (3.1.8b)
\pgf@pt@x=\dimen196
\pgf@pt@y=\dimen197
\pgf@pt@temp=\dimen198
)
(/usr/share/texlive/texmf-dist/tex/generic/pgf/basiclayer/pgfcorequick.code.tex
File: pgfcorequick.code.tex 2020/12/27 v3.1.8b (3.1.8b)
)
(/usr/share/texlive/texmf-dist/tex/generic/pgf/basiclayer/pgfcoreobjects.code.t
ex
File: pgfcoreobjects.code.tex 2020/12/27 v3.1.8b (3.1.8b)
)
(/usr/share/texlive/texmf-dist/tex/generic/pgf/basiclayer/pgfcorepathprocessing
.code.tex
File: pgfcorepathprocessing.code.tex 2020/12/27 v3.1.8b (3.1.8b)
)
(/usr/share/texlive/texmf-dist/tex/generic/pgf/basiclayer/pgfcorearrows.code.te
x
File: pgfcorearrows.code.tex 2020/12/27 v3.1.8b (3.1.8b)
\pgfarrowsep=\dimen199
)
(/usr/share/texlive/texmf-dist/tex/generic/pgf/basiclayer/pgfcoreshade.code.tex
File: pgfcoreshade.code.tex 2020/12/27 v3.1.8b (3.1.8b)
\pgf@max=\dimen256
\pgf@sys@shading@range@num=\count281
\pgf@shadingcount=\count282
)
(/usr/share/texlive/texmf-dist/tex/generic/pgf/basiclayer/pgfcoreimage.code.tex
File: pgfcoreimage.code.tex 2020/12/27 v3.1.8b (3.1.8b)

(/usr/share/texlive/texmf-dist/tex/generic/pgf/basiclayer/pgfcoreexternal.code.
tex
File: pgfcoreexternal.code.tex 2020/12/27 v3.1.8b (3.1.8b)
\pgfexternal@startupbox=\box61
))
(/usr/share/texlive/texmf-dist/tex/generic/pgf/basiclayer/pgfcorelayers.code.te
x
File: pgfcorelayers.code.tex 2020/12/27 v3.1.8b (3.1.8b)
)
(/usr/share/texlive/texmf-dist/tex/generic/pgf/basiclayer/pgfcoretransparency.c
ode.tex
File: pgfcoretransparency.code.tex 2020/12/27 v3.1.8b (3.1.8b)
)
(/usr/share/texlive/texmf-dist/tex/generic/pgf/basiclayer/pgfcorepatterns.code.
tex
File: pgfcorepatterns.code.tex 2020/12/27 v3.1.8b (3.1.8b)
)
(/usr/share/texlive/texmf-dist/tex/generic/pgf/basiclayer/pgfcorerdf.code.tex
File: pgfcorerdf.code.tex 2020/12/27 v3.1.8b (3.1.8b)
))) (/usr/share/texlive/texmf-dist/tex/latex/pgf/utilities/xxcolor.sty
Package: xxcolor 2003/10/24 ver 0.1
\XC@nummixins=\count283
\XC@countmixins=\count284
)
(/usr/share/texlive/texmf-dist/tex/latex/base/atbegshi-ltx.sty
Package: atbegshi-ltx 2020/08/17 v1.0a Emulation of the original atbegshi packa
ge
with kernel methods
)
(/usr/share/texlive/texmf-dist/tex/latex/hyperref/hyperref.sty
Package: hyperref 2020-05-15 v7.00e Hypertext links for LaTeX

(/usr/share/texlive/texmf-dist/tex/generic/ltxcmds/ltxcmds.sty
Package: ltxcmds 2020-05-10 v1.25 LaTeX kernel commands for general use (HO)
)
(/usr/share/texlive/texmf-dist/tex/generic/pdftexcmds/pdftexcmds.sty
Package: pdftexcmds 2020-06-27 v0.33 Utility functions of pdfTeX for LuaTeX (HO
)

(/usr/share/texlive/texmf-dist/tex/generic/infwarerr/infwarerr.sty
Package: infwarerr 2019/12/03 v1.5 Providing info/warning/error messages (HO)
)
Package pdftexcmds Info: \pdf@primitive is available.
Package pdftexcmds Info: \pdf@ifprimitive is available.
Package pdftexcmds Info: \pdfdraftmode found.
)
(/usr/share/texlive/texmf-dist/tex/generic/kvsetkeys/kvsetkeys.sty
Package: kvsetkeys 2019/12/15 v1.18 Key value parser (HO)
)
(/usr/share/texlive/texmf-dist/tex/generic/kvdefinekeys/kvdefinekeys.sty
Package: kvdefinekeys 2019-12-19 v1.6 Define keys (HO)
)
(/usr/share/texlive/texmf-dist/tex/generic/pdfescape/pdfescape.sty
Package: pdfescape 2019/12/09 v1.15 Implements pdfTeX's escape features (HO)
)
(/usr/share/texlive/texmf-dist/tex/latex/hycolor/hycolor.sty
Package: hycolor 2020-01-27 v1.10 Color options for hyperref/bookmark (HO)
)
(/usr/share/texlive/texmf-dist/tex/latex/letltxmacro/letltxmacro.sty
Package: letltxmacro 2019/12/03 v1.6 Let assignment for LaTeX macros (HO)
)
(/usr/share/texlive/texmf-dist/tex/latex/auxhook/auxhook.sty
Package: auxhook 2019-12-17 v1.6 Hooks for auxiliary files (HO)
)
(/usr/share/texlive/texmf-dist/tex/latex/kvoptions/kvoptions.sty
Package: kvoptions 2020-10-07 v3.14 Key value format for package options (HO)
)
\@linkdim=\dimen257
\Hy@linkcounter=\count285
\Hy@pagecounter=\count286

(/usr/share/texlive/texmf-dist/tex/latex/hyperref/pd1enc.def
File: pd1enc.def 2020-05-15 v7.00e Hyperref: PDFDocEncoding definition (HO)
Now handling font encoding PD1 ...
... no UTF-8 mapping file for font encoding PD1
)
(/usr/share/texlive/texmf-dist/tex/generic/intcalc/intcalc.sty
Package: intcalc 2019/12/15 v1.3 Expandable calculations with integers (HO)
)
(/usr/share/texlive/texmf-dist/tex/generic/etexcmds/etexcmds.sty
Package: etexcmds 2019/12/15 v1.7 Avoid name clashes with e-TeX commands (HO)
)
\Hy@SavedSpaceFactor=\count287
Package hyperref Info: Option `bookmarks' set `true' on input line 4338.
Package hyperref Info: Option `bookmarksopen' set `true' on input line 4338.
Package hyperref Info: Option `implicit' set `false' on input line 4338.
Package hyperref Info: Hyper figures OFF on input line 4464.
Package hyperref Info: Link nesting OFF on input line 4469.
Package hyperref Info: Hyper index ON on input line 4472.
Package hyperref Info: Plain pages OFF on input line 4479.
Package hyperref Info: Backreferencing OFF on input line 4484.
Package hyperref Info: Implicit mode OFF; no redefinition of LaTeX internals.
Package hyperref Info: Bookmarks ON on input line 4717.
\c@Hy@tempcnt=\count288

(/usr/share/texlive/texmf-dist/tex/latex/url/url.sty
\Urlmuskip=\muskip16
Package: url 2013/09/16  ver 3.4  Verb mode for urls, etc.
)
LaTeX Info: Redefining \url on input line 5076.
\XeTeXLinkMargin=\dimen258

(/usr/share/texlive/texmf-dist/tex/generic/bitset/bitset.sty
Package: bitset 2019/12/09 v1.3 Handle bit-vector datatype (HO)

(/usr/share/texlive/texmf-dist/tex/generic/bigintcalc/bigintcalc.sty
Package: bigintcalc 2019/12/15 v1.5 Expandable calculations on big integers (HO
)
))
\Fld@menulength=\count289
\Field@Width=\dimen259
\Fld@charsize=\dimen260
Package hyperref Info: Hyper figures OFF on input line 6347.
Package hyperref Info: Link nesting OFF on input line 6352.
Package hyperref Info: Hyper index ON on input line 6355.
Package hyperref Info: backreferencing OFF on input line 6362.
Package hyperref Info: Link coloring OFF on input line 6367.
Package hyperref Info: Link coloring with OCG OFF on input line 6372.
Package hyperref Info: PDF/A mode OFF on input line 6377.
LaTeX Info: Redefining \ref on input line 6417.
LaTeX Info: Redefining \pageref on input line 6421.
\Hy@abspage=\count290


Package hyperref Message: Stopped early.

)
Package hyperref Info: Driver (autodetected): hpdftex.
 (/usr/share/texlive/texmf-dist/tex/latex/hyperref/hpdftex.def
File: hpdftex.def 2020-05-15 v7.00e Hyperref driver for pdfTeX

(/usr/share/texlive/texmf-dist/tex/latex/base/atveryend-ltx.sty
Package: atveryend-ltx 2020/08/19 v1.0a Emulation of the original atvery packag
e
with kernel methods
)
\Fld@listcount=\count291
\c@bookmark@seq@number=\count292

(/usr/share/texlive/texmf-dist/tex/latex/rerunfilecheck/rerunfilecheck.sty
Package: rerunfilecheck 2019/12/05 v1.9 Rerun checks for auxiliary files (HO)

(/usr/share/texlive/texmf-dist/tex/generic/uniquecounter/uniquecounter.sty
Package: uniquecounter 2019/12/15 v1.4 Provide unlimited unique counter (HO)
)
Package uniquecounter Info: New unique counter `rerunfilecheck' on input line 2
86.
))
(/usr/share/texlive/texmf-dist/tex/latex/beamer/beamerbaserequires.sty
(/usr/share/texlive/texmf-dist/tex/latex/beamer/beamerbasecompatibility.sty)
(/usr/share/texlive/texmf-dist/tex/latex/beamer/beamerbasefont.sty
(/usr/share/texlive/texmf-dist/tex/latex/amsfonts/amssymb.sty
Package: amssymb 2013/01/14 v3.01 AMS font symbols

(/usr/share/texlive/texmf-dist/tex/latex/amsfonts/amsfonts.sty
Package: amsfonts 2013/01/14 v3.01 Basic AMSFonts support
\@emptytoks=\toks27
\symAMSa=\mathgroup4
\symAMSb=\mathgroup5
LaTeX Font Info:    Redeclaring math symbol \hbar on input line 98.
LaTeX Font Info:    Overwriting math alphabet `\mathfrak' in version `bold'
(Font)                  U/euf/m/n --> U/euf/b/n on input line 106.
))
(/usr/share/texlive/texmf-dist/tex/latex/sansmathaccent/sansmathaccent.sty
Package: sansmathaccent 2020/01/31

(/usr/share/texlive/texmf-dist/tex/latex/koma-script/scrlfile.sty
Package: scrlfile 2020/09/21 v3.32 KOMA-Script package (file load hooks)

(/usr/share/texlive/texmf-dist/tex/latex/koma-script/scrlfile-hook.sty
Package: scrlfile-hook 2020/09/21 v3.32 KOMA-Script package (using LaTeX hooks)


LaTeX3 Info: Defining command \BeforeFile with sig. 'm' on line 61.


LaTeX3 Info: Defining command \AfterFile with sig. 'm' on line 65.


LaTeX3 Info: Defining command \BeforeClass with sig. 'm' on line 69.


LaTeX3 Info: Defining command \BeforePackage with sig. 'm' on line 73.


LaTeX3 Info: Defining command \AfterAtEndOfClass with sig. 'smo+m' on line 83.


LaTeX3 Info: Defining command \AfterAtEndOfPackage with sig. 'smo+m' on line
(LaTeX3)     93.


LaTeX3 Info: Defining command \scrlfile@AfterClass with sig. 'smo+m' on line
(LaTeX3)     173.


LaTeX3 Info: Defining command \AfterClass with sig. '' on line 174.


LaTeX3 Info: Defining command \scrlfile@AfterPackage with sig. 'smo+m' on line
(LaTeX3)     191.


LaTeX3 Info: Defining command \AfterPackage with sig. '' on line 192.


LaTeX3 Info: Defining command \ReplaceInput with sig. '' on line 193.


LaTeX3 Info: Defining command \ReplaceClass with sig. 'mm' on line 196.


LaTeX3 Info: Defining command \ReplacePackage with sig. 'mm' on line 199.


LaTeX3 Info: Defining command \UnReplaceInput with sig. '' on line 200.


LaTeX3 Info: Defining command \UnReplaceClass with sig. 'm' on line 203.


LaTeX3 Info: Defining command \UnReplacePackage with sig. 'mm' on line 206.


LaTeX3 Info: Defining command \PreventPackageFromLoading with sig. 's+om' on
(LaTeX3)     line 234.


LaTeX3 Info: Defining command \StorePreventPackageFromLoading with sig. 'm' on
(LaTeX3)     line 242.


LaTeX3 Info: Defining command \ResetPreventPackageFromLoading with sig. '' on
(LaTeX3)     line 247.


LaTeX3 Info: Defining command \UnPreventPackageFromLoading with sig. 'sm' on
(LaTeX3)     line 261.


LaTeX3 Info: Defining command \BeforeClosingMainAux with sig. 'om' on line
(LaTeX3)     274.


LaTeX3 Info: Defining command \AfterReadingMainAux with sig. 'om' on line 287.


LaTeX3 Info: Defining command \protected@immediate@write with sig. 'm+m+m' on
(LaTeX3)     line 298.


(/usr/share/texlive/texmf-dist/tex/latex/koma-script/scrlogo.sty
Package: scrlogo 2020/09/21 v3.32 KOMA-Script package (logo)
)))))
(/usr/share/texlive/texmf-dist/tex/latex/beamer/beamerbasetranslator.sty
(/usr/share/texlive/texmf-dist/tex/latex/translator/translator.sty
Package: translator 2020-08-03 v1.12c Easy translation of strings in LaTeX
))
(/usr/share/texlive/texmf-dist/tex/latex/beamer/beamerbasemisc.sty)
(/usr/share/texlive/texmf-dist/tex/latex/beamer/beamerbasetwoscreens.sty)
(/usr/share/texlive/texmf-dist/tex/latex/beamer/beamerbaseoverlay.sty
\beamer@argscount=\count293
\beamer@lastskipcover=\skip50
\beamer@trivlistdepth=\count294
)
(/usr/share/texlive/texmf-dist/tex/latex/beamer/beamerbasetitle.sty)
(/usr/share/texlive/texmf-dist/tex/latex/beamer/beamerbasesection.sty
\c@lecture=\count295
\c@part=\count296
\c@section=\count297
\c@subsection=\count298
\c@subsubsection=\count299
)
(/usr/share/texlive/texmf-dist/tex/latex/beamer/beamerbaseframe.sty
\beamer@framebox=\box62
\beamer@frametitlebox=\box63
\beamer@zoombox=\box64
\beamer@zoomcount=\count300
\beamer@zoomframecount=\count301
\beamer@frametextheight=\dimen261
\c@subsectionslide=\count302
\beamer@frametopskip=\skip51
\beamer@framebottomskip=\skip52
\beamer@frametopskipautobreak=\skip53
\beamer@framebottomskipautobreak=\skip54
\beamer@envbody=\toks28
\framewidth=\dimen262
\c@framenumber=\count303
)
(/usr/share/texlive/texmf-dist/tex/latex/beamer/beamerbaseverbatim.sty
\beamer@verbatimfileout=\write4
)
(/usr/share/texlive/texmf-dist/tex/latex/beamer/beamerbaseframesize.sty
\beamer@splitbox=\box65
\beamer@autobreakcount=\count304
\beamer@autobreaklastheight=\dimen263
\beamer@frametitletoks=\toks29
\beamer@framesubtitletoks=\toks30
)
(/usr/share/texlive/texmf-dist/tex/latex/beamer/beamerbaseframecomponents.sty
\beamer@footins=\box66
)
(/usr/share/texlive/texmf-dist/tex/latex/beamer/beamerbasecolor.sty)
(/usr/share/texlive/texmf-dist/tex/latex/beamer/beamerbasenotes.sty
\beamer@frameboxcopy=\box67
)
(/usr/share/texlive/texmf-dist/tex/latex/beamer/beamerbasetoc.sty)
(/usr/share/texlive/texmf-dist/tex/latex/beamer/beamerbasetemplates.sty
\beamer@sbttoks=\toks31

(/usr/share/texlive/texmf-dist/tex/latex/beamer/beamerbaseauxtemplates.sty
(/usr/share/texlive/texmf-dist/tex/latex/beamer/beamerbaseboxes.sty
\bmb@box=\box68
\bmb@colorbox=\box69
\bmb@boxwidth=\dimen264
\bmb@boxheight=\dimen265
\bmb@prevheight=\dimen266
\bmb@temp=\dimen267
\bmb@dima=\dimen268
\bmb@dimb=\dimen269
\bmb@prevheight=\dimen270
)
\beamer@blockheadheight=\dimen271
))
(/usr/share/texlive/texmf-dist/tex/latex/beamer/beamerbaselocalstructure.sty
(/usr/share/texlive/texmf-dist/tex/latex/tools/enumerate.sty
Package: enumerate 2015/07/23 v3.00 enumerate extensions (DPC)
\@enLab=\toks32
)
\c@figure=\count305
\c@table=\count306
\abovecaptionskip=\skip55
\belowcaptionskip=\skip56
)
(/usr/share/texlive/texmf-dist/tex/latex/beamer/beamerbasenavigation.sty
\beamer@section@min@dim=\dimen272
)
(/usr/share/texlive/texmf-dist/tex/latex/beamer/beamerbasetheorems.sty
(/usr/share/texlive/texmf-dist/tex/latex/amsmath/amsmath.sty
Package: amsmath 2020/09/23 v2.17i AMS math features
\@mathmargin=\skip57

For additional information on amsmath, use the `?' option.
(/usr/share/texlive/texmf-dist/tex/latex/amsmath/amstext.sty
Package: amstext 2000/06/29 v2.01 AMS text

(/usr/share/texlive/texmf-dist/tex/latex/amsmath/amsgen.sty
File: amsgen.sty 1999/11/30 v2.0 generic functions
\@emptytoks=\toks33
\ex@=\dimen273
))
(/usr/share/texlive/texmf-dist/tex/latex/amsmath/amsbsy.sty
Package: amsbsy 1999/11/29 v1.2d Bold Symbols
\pmbraise@=\dimen274
)
(/usr/share/texlive/texmf-dist/tex/latex/amsmath/amsopn.sty
Package: amsopn 2016/03/08 v2.02 operator names
)
\inf@bad=\count307
LaTeX Info: Redefining \frac on input line 234.
\uproot@=\count308
\leftroot@=\count309
LaTeX Info: Redefining \overline on input line 399.
\classnum@=\count310
\DOTSCASE@=\count311
LaTeX Info: Redefining \ldots on input line 496.
LaTeX Info: Redefining \dots on input line 499.
LaTeX Info: Redefining \cdots on input line 620.
\Mathstrutbox@=\box70
\strutbox@=\box71
\big@size=\dimen275
LaTeX Font Info:    Redeclaring font encoding OML on input line 743.
LaTeX Font Info:    Redeclaring font encoding OMS on input line 744.
\macc@depth=\count312
\c@MaxMatrixCols=\count313
\dotsspace@=\muskip17
\c@parentequation=\count314
\dspbrk@lvl=\count315
\tag@help=\toks34
\row@=\count316
\column@=\count317
\maxfields@=\count318
\andhelp@=\toks35
\eqnshift@=\dimen276
\alignsep@=\dimen277
\tagshift@=\dimen278
\tagwidth@=\dimen279
\totwidth@=\dimen280
\lineht@=\dimen281
\@envbody=\toks36
\multlinegap=\skip58
\multlinetaggap=\skip59
\mathdisplay@stack=\toks37
LaTeX Info: Redefining \[ on input line 2923.
LaTeX Info: Redefining \] on input line 2924.
)
(/usr/share/texlive/texmf-dist/tex/latex/amscls/amsthm.sty
Package: amsthm 2020/05/29 v2.20.6
\thm@style=\toks38
\thm@bodyfont=\toks39
\thm@headfont=\toks40
\thm@notefont=\toks41
\thm@headpunct=\toks42
\thm@preskip=\skip60
\thm@postskip=\skip61
\thm@headsep=\skip62
\dth@everypar=\toks43
)
\c@theorem=\count319
)
(/usr/share/texlive/texmf-dist/tex/latex/beamer/beamerbasethemes.sty))
(/usr/share/texlive/texmf-dist/tex/latex/beamer/beamerthemedefault.sty
(/usr/share/texlive/texmf-dist/tex/latex/beamer/beamerfontthemedefault.sty)
(/usr/share/texlive/texmf-dist/tex/latex/beamer/beamercolorthemedefault.sty)
(/usr/share/texlive/texmf-dist/tex/latex/beamer/beamerinnerthemedefault.sty
\beamer@dima=\dimen282
\beamer@dimb=\dimen283
)
(/usr/share/texlive/texmf-dist/tex/latex/beamer/beamerouterthemedefault.sty)))
(./estruturaApresentacao.sty
Package: estruturaApresentacao 2023/01/31 Modelo para Apresentações
 (/usr/share/texmf/tex/latex/lm/lmodern.sty
Package: lmodern 2009/10/30 v1.6 Latin Modern Fonts
LaTeX Font Info:    Overwriting symbol font `operators' in version `normal'
(Font)                  OT1/cmr/m/n --> OT1/lmr/m/n on input line 22.
LaTeX Font Info:    Overwriting symbol font `letters' in version `normal'
(Font)                  OML/cmm/m/it --> OML/lmm/m/it on input line 23.
LaTeX Font Info:    Overwriting symbol font `symbols' in version `normal'
(Font)                  OMS/cmsy/m/n --> OMS/lmsy/m/n on input line 24.
LaTeX Font Info:    Overwriting symbol font `largesymbols' in version `normal'
(Font)                  OMX/cmex/m/n --> OMX/lmex/m/n on input line 25.
LaTeX Font Info:    Overwriting symbol font `operators' in version `bold'
(Font)                  OT1/cmr/bx/n --> OT1/lmr/bx/n on input line 26.
LaTeX Font Info:    Overwriting symbol font `letters' in version `bold'
(Font)                  OML/cmm/b/it --> OML/lmm/b/it on input line 27.
LaTeX Font Info:    Overwriting symbol font `symbols' in version `bold'
(Font)                  OMS/cmsy/b/n --> OMS/lmsy/b/n on input line 28.
LaTeX Font Info:    Overwriting symbol font `largesymbols' in version `bold'
(Font)                  OMX/cmex/m/n --> OMX/lmex/m/n on input line 29.
LaTeX Font Info:    Overwriting math alphabet `\mathbf' in version `normal'
(Font)                  OT1/cmr/bx/n --> OT1/lmr/bx/n on input line 31.
LaTeX Font Info:    Overwriting math alphabet `\mathsf' in version `normal'
(Font)                  OT1/cmss/m/n --> OT1/lmss/m/n on input line 32.
LaTeX Font Info:    Overwriting math alphabet `\mathit' in version `normal'
(Font)                  OT1/cmr/m/it --> OT1/lmr/m/it on input line 33.
LaTeX Font Info:    Overwriting math alphabet `\mathtt' in version `normal'
(Font)                  OT1/cmtt/m/n --> OT1/lmtt/m/n on input line 34.
LaTeX Font Info:    Overwriting math alphabet `\mathbf' in version `bold'
(Font)                  OT1/cmr/bx/n --> OT1/lmr/bx/n on input line 35.
LaTeX Font Info:    Overwriting math alphabet `\mathsf' in version `bold'
(Font)                  OT1/cmss/bx/n --> OT1/lmss/bx/n on input line 36.
LaTeX Font Info:    Overwriting math alphabet `\mathit' in version `bold'
(Font)                  OT1/cmr/bx/it --> OT1/lmr/bx/it on input line 37.
LaTeX Font Info:    Overwriting math alphabet `\mathtt' in version `bold'
(Font)                  OT1/cmtt/m/n --> OT1/lmtt/m/n on input line 38.
)
(/usr/share/texlive/texmf-dist/tex/latex/base/fontenc.sty
Package: fontenc 2020/08/10 v2.0s Standard LaTeX package
LaTeX Font Info:    Trying to load font information for T1+lmss on input line 1
12.

(/usr/share/texmf/tex/latex/lm/t1lmss.fd
File: t1lmss.fd 2009/10/30 v1.6 Font defs for Latin Modern
))
(/usr/share/texlive/texmf-dist/tex/latex/base/inputenc.sty
Package: inputenc 2020/08/01 v1.3d Input encoding file
\inpenc@prehook=\toks44
\inpenc@posthook=\toks45
)
(/usr/share/texlive/texmf-dist/tex/generic/babel/babel.sty
Package: babel 2021/01/26 3.53 The Babel package

(/usr/share/texlive/texmf-dist/tex/generic/babel/babel.def
File: babel.def 2021/01/26 3.53 Babel common definitions
\babel@savecnt=\count320
\U@D=\dimen284
\l@babelnohyphens=\language41

(/usr/share/texlive/texmf-dist/tex/generic/babel/txtbabel.def)
\bbl@readstream=\read3
)
LaTeX Info: Redefining \textlatin on input line 716.
\bbl@dirlevel=\count321

(/usr/share/texlive/texmf-dist/tex/generic/babel-portuges/portuges.ldf
Language: portuges 2020/05/04 v1.2r Portuguese support from the babel system
Package babel Info: Making " an active character on input line 143.
)
(/usr/share/texlive/texmf-dist/tex/generic/babel-portuges/brazil.ldf
Language: portuges 2020/05/04 v1.2r Portuguese support from the babel system
Package babel Info: \l@brazil = using hyphenrules for portuguese
(babel)             (\language13) on input line 111.
))
(/usr/share/texlive/texmf-dist/tex/latex/colortbl/colortbl.sty
Package: colortbl 2020/01/04 v1.0e Color table columns (DPC)

(/usr/share/texlive/texmf-dist/tex/latex/tools/array.sty
Package: array 2020/10/01 v2.5c Tabular extension package (FMi)
\col@sep=\dimen285
\ar@mcellbox=\box72
\extrarowheight=\dimen286
\NC@list=\toks46
\extratabsurround=\skip63
\backup@length=\skip64
\ar@cellbox=\box73
)
\everycr=\toks47
\minrowclearance=\skip65
)
(/usr/share/texlive/texmf-dist/tex/latex/microtype/microtype.sty
Package: microtype 2020/12/07 v2.8 Micro-typographical refinements (RS)
\MT@toks=\toks48
\MT@count=\count322
LaTeX Info: Redefining \textls on input line 788.
\MT@outer@kern=\dimen287
LaTeX Info: Redefining \textmicrotypecontext on input line 1358.
\MT@listname@count=\count323

(/usr/share/texlive/texmf-dist/tex/latex/microtype/microtype-pdftex.def
File: microtype-pdftex.def 2020/12/07 v2.8 Definitions specific to pdftex (RS)
LaTeX Info: Redefining \lsstyle on input line 915.
LaTeX Info: Redefining \lslig on input line 915.
\MT@outer@space=\skip66
)
Package microtype Info: Loading configuration file microtype.cfg.

(/usr/share/texlive/texmf-dist/tex/latex/microtype/microtype.cfg
File: microtype.cfg 2020/12/07 v2.8 microtype main configuration file (RS)
))
(/usr/share/texlive/texmf-dist/tex/latex/subfig/subfig.sty
Package: subfig 2005/06/28 ver: 1.3 subfig package

(/usr/share/texlive/texmf-dist/tex/latex/caption/caption.sty
Package: caption 2020/10/26 v3.5g Customizing captions (AR)

(/usr/share/texlive/texmf-dist/tex/latex/caption/caption3.sty
Package: caption3 2020/10/21 v2.2e caption3 kernel (AR)
\captionmargin=\dimen288
\captionmargin@=\dimen289
\captionwidth=\dimen290
\caption@tempdima=\dimen291
\caption@indent=\dimen292
\caption@parindent=\dimen293
\caption@hangindent=\dimen294
Package caption Info: beamer document class detected.

(/usr/share/texlive/texmf-dist/tex/latex/caption/caption-beamer.sto
File: caption-beamer.sto 2020/08/22 v2.0 Adaption of the caption package to the
 beamer document classes (AR)
))
\c@caption@flags=\count324
\c@continuedfloat=\count325
Package caption Info: hyperref package is loaded.
Package caption Info: Hyperref support is turned off
(caption)             because hyperref has stopped early.
)
\c@KVtest=\count326
\sf@farskip=\skip67
\sf@captopadj=\dimen295
\sf@capskip=\skip68
\sf@nearskip=\skip69
\c@subfigure=\count327
\c@subfigure@save=\count328
\c@depth=\count329
\c@subtable=\count330
\c@subtable@save=\count331
\sf@top=\skip70
\sf@bottom=\skip71
)
(/usr/share/texlive/texmf-dist/tex/latex/placeins/placeins.sty
Package: placeins 2005/04/18  v 2.2
)
(/usr/share/texlive/texmf-dist/tex/latex/multirow/multirow.sty
Package: multirow 2021/01/29 v2.7 Span multiple rows of a table
\multirow@colwidth=\skip72
\multirow@cntb=\count332
\multirow@dima=\skip73
\bigstrutjot=\dimen296
)
(/usr/share/texlive/texmf-dist/tex/latex/graphics/rotating.sty
Package: rotating 2016/08/11 v2.16d rotated objects in LaTeX

(/usr/share/texlive/texmf-dist/tex/latex/base/ifthen.sty
Package: ifthen 2014/09/29 v1.1c Standard LaTeX ifthen package (DPC)
)
\c@r@tfl@t=\count333
\rotFPtop=\skip74
\rotFPbot=\skip75
\rot@float@box=\box74
\rot@mess@toks=\toks49
)
(/usr/share/texlive/texmf-dist/tex/generic/chemfig/chemfig.sty
(/usr/share/texlive/texmf-dist/tex/latex/pgf/frontendlayer/tikz.sty
(/usr/share/texlive/texmf-dist/tex/latex/pgf/basiclayer/pgf.sty
Package: pgf 2020/12/27 v3.1.8b (3.1.8b)

(/usr/share/texlive/texmf-dist/tex/generic/pgf/modules/pgfmoduleshapes.code.tex
File: pgfmoduleshapes.code.tex 2020/12/27 v3.1.8b (3.1.8b)
\pgfnodeparttextbox=\box75
) (/usr/share/texlive/texmf-dist/tex/generic/pgf/modules/pgfmoduleplot.code.tex
File: pgfmoduleplot.code.tex 2020/12/27 v3.1.8b (3.1.8b)
)
(/usr/share/texlive/texmf-dist/tex/latex/pgf/compatibility/pgfcomp-version-0-65
.sty
Package: pgfcomp-version-0-65 2020/12/27 v3.1.8b (3.1.8b)
\pgf@nodesepstart=\dimen297
\pgf@nodesepend=\dimen298
)
(/usr/share/texlive/texmf-dist/tex/latex/pgf/compatibility/pgfcomp-version-1-18
.sty
Package: pgfcomp-version-1-18 2020/12/27 v3.1.8b (3.1.8b)
)) (/usr/share/texlive/texmf-dist/tex/latex/pgf/utilities/pgffor.sty
(/usr/share/texlive/texmf-dist/tex/latex/pgf/utilities/pgfkeys.sty
(/usr/share/texlive/texmf-dist/tex/generic/pgf/utilities/pgfkeys.code.tex))
(/usr/share/texlive/texmf-dist/tex/latex/pgf/math/pgfmath.sty
(/usr/share/texlive/texmf-dist/tex/generic/pgf/math/pgfmath.code.tex))
(/usr/share/texlive/texmf-dist/tex/generic/pgf/utilities/pgffor.code.tex
Package: pgffor 2020/12/27 v3.1.8b (3.1.8b)

(/usr/share/texlive/texmf-dist/tex/generic/pgf/math/pgfmath.code.tex)
\pgffor@iter=\dimen299
\pgffor@skip=\dimen300
\pgffor@stack=\toks50
\pgffor@toks=\toks51
))
(/usr/share/texlive/texmf-dist/tex/generic/pgf/frontendlayer/tikz/tikz.code.tex
Package: tikz 2020/12/27 v3.1.8b (3.1.8b)

(/usr/share/texlive/texmf-dist/tex/generic/pgf/libraries/pgflibraryplothandlers
.code.tex
File: pgflibraryplothandlers.code.tex 2020/12/27 v3.1.8b (3.1.8b)
\pgf@plot@mark@count=\count334
\pgfplotmarksize=\dimen301
)
\tikz@lastx=\dimen302
\tikz@lasty=\dimen303
\tikz@lastxsaved=\dimen304
\tikz@lastysaved=\dimen305
\tikz@lastmovetox=\dimen306
\tikz@lastmovetoy=\dimen307
\tikzleveldistance=\dimen308
\tikzsiblingdistance=\dimen309
\tikz@figbox=\box76
\tikz@figbox@bg=\box77
\tikz@tempbox=\box78
\tikz@tempbox@bg=\box79
\tikztreelevel=\count335
\tikznumberofchildren=\count336
\tikznumberofcurrentchild=\count337
\tikz@fig@count=\count338

(/usr/share/texlive/texmf-dist/tex/generic/pgf/modules/pgfmodulematrix.code.tex
File: pgfmodulematrix.code.tex 2020/12/27 v3.1.8b (3.1.8b)
\pgfmatrixcurrentrow=\count339
\pgfmatrixcurrentcolumn=\count340
\pgf@matrix@numberofcolumns=\count341
)
\tikz@expandcount=\count342

(/usr/share/texlive/texmf-dist/tex/generic/pgf/frontendlayer/tikz/libraries/tik
zlibrarytopaths.code.tex
File: tikzlibrarytopaths.code.tex 2020/12/27 v3.1.8b (3.1.8b)
)))
(/usr/share/texlive/texmf-dist/tex/generic/chemfig/chemfig.tex
(/usr/share/texlive/texmf-dist/tex/generic/simplekv/simplekv.tex
Package: simplekv 2020/04/27 v0.2 Simple keyval package (CT)
)
(/usr/share/texlive/texmf-dist/tex/generic/pgf/libraries/pgflibraryarrows.meta.
code.tex
File: pgflibraryarrows.meta.code.tex 2020/12/27 v3.1.8b (3.1.8b)
\pgfarrowinset=\dimen310
\pgfarrowlength=\dimen311
\pgfarrowwidth=\dimen312
\pgfarrowlinewidth=\dimen313
)
\CF_cntatomgroup=\count343
\CF_cntgroup=\count344
\CF_cntatom=\count345
\CF_cntcycle=\count346
\CF_cntcyclebonds=\count347
\CF_cntcompound=\count348
\CF_dim=\dimen314
\CF_arrowsize=\dimen315
\CF_zero=\dimen316
\CF_boxlewis=\box80
\CF_box=\box81
\CF_boxstuff=\box82
\CF_testbox=\box83
\CF_chargebox=\box84
\CF_substtoks=\toks52
)
Package: chemfig 2020/07/13 v1.56 Draw molecule with an easy syntax (CT)
) (/usr/share/texlive/texmf-dist/tex/latex/tools/tabularx.sty
Package: tabularx 2020/01/15 v2.11c `tabularx' package (DPC)
\TX@col@width=\dimen317
\TX@old@table=\dimen318
\TX@old@col=\dimen319
\TX@target=\dimen320
\TX@delta=\dimen321
\TX@cols=\count349
\TX@ftn=\toks53
)
(/usr/share/texlive/texmf-dist/tex/latex/booktabs/booktabs.sty
Package: booktabs 2020/01/12 v1.61803398 Publication quality tables
\heavyrulewidth=\dimen322
\lightrulewidth=\dimen323
\cmidrulewidth=\dimen324
\belowrulesep=\dimen325
\belowbottomsep=\dimen326
\aboverulesep=\dimen327
\abovetopsep=\dimen328
\cmidrulesep=\dimen329
\cmidrulekern=\dimen330
\defaultaddspace=\dimen331
\@cmidla=\count350
\@cmidlb=\count351
\@aboverulesep=\dimen332
\@belowrulesep=\dimen333
\@thisruleclass=\count352
\@lastruleclass=\count353
\@thisrulewidth=\dimen334
)
(/usr/share/texlive/texmf-dist/tex/latex/bigints/bigints.sty
Package: bigints 2010/02/15 Writing big integrals
Package bigints Info: This is Bigints by Merciadri Luca. on input line 5.
)
(/usr/share/texlive/texmf-dist/tex/latex/listingsutf8/listingsutf8.sty
Package: listingsutf8 2019-12-10 v1.5 Allow UTF-8 in listings input (HO)

(/usr/share/texlive/texmf-dist/tex/latex/listings/listings.sty
\lst@mode=\count354
\lst@gtempboxa=\box85
\lst@token=\toks54
\lst@length=\count355
\lst@currlwidth=\dimen335
\lst@column=\count356
\lst@pos=\count357
\lst@lostspace=\dimen336
\lst@width=\dimen337
\lst@newlines=\count358
\lst@lineno=\count359
\lst@maxwidth=\dimen338

(/usr/share/texlive/texmf-dist/tex/latex/listings/lstmisc.sty
File: lstmisc.sty 2020/03/24 1.8d (Carsten Heinz)
\c@lstnumber=\count360
\lst@skipnumbers=\count361
\lst@framebox=\box86
)
(/usr/share/texlive/texmf-dist/tex/latex/listings/listings.cfg
File: listings.cfg 2020/03/24 1.8d listings configuration
))
Package: listings 2020/03/24 1.8d (Carsten Heinz)

(/usr/share/texlive/texmf-dist/tex/generic/stringenc/stringenc.sty
Package: stringenc 2019/11/29 v1.12 Convert strings between diff. encodings (HO
)
))
(/usr/share/texlive/texmf-dist/tex/latex/pdfpages/pdfpages.sty
Package: pdfpages 2021/01/09 v0.5r Insert pages of external PDF documents (AM)

(/usr/share/texlive/texmf-dist/tex/latex/tools/calc.sty
Package: calc 2017/05/25 v4.3 Infix arithmetic (KKT,FJ)
\calc@Acount=\count362
\calc@Bcount=\count363
\calc@Adimen=\dimen339
\calc@Bdimen=\dimen340
\calc@Askip=\skip76
\calc@Bskip=\skip77
LaTeX Info: Redefining \setlength on input line 80.
LaTeX Info: Redefining \addtolength on input line 81.
\calc@Ccount=\count364
\calc@Cskip=\skip78
)
(/usr/share/texlive/texmf-dist/tex/latex/eso-pic/eso-pic.sty
Package: eso-pic 2020/10/14 v3.0a eso-pic (RN)
\ESO@tempdima=\dimen341
\ESO@tempdimb=\dimen342
)
\AM@pagewidth=\dimen343
\AM@pageheight=\dimen344

(/usr/share/texlive/texmf-dist/tex/latex/pdfpages/pppdftex.def
File: pppdftex.def 2021/01/09 v0.5r Pdfpages driver for pdfTeX (AM)
)
\pdfpages@includegraphics@status=\count365
\AM@pagebox=\box87
\AM@global@opts=\toks55
\AM@pagecnt=\count366
\AM@toc@title=\toks56
\c@AM@survey=\count367
\AM@templatesizebox=\box88
)
(/usr/share/texlive/texmf-dist/tex/latex/multirow/bigstrut.sty
Package: bigstrut 2021/01/29 v2.7 Provide larger struts in tabulars
)
(/usr/share/texlive/texmf-dist/tex/latex/beamer/beamerthemesplit.sty
(/usr/share/texlive/texmf-dist/tex/latex/beamer/beamercolorthemewhale.sty)
(/usr/share/texlive/texmf-dist/tex/latex/beamer/beamerouterthemesplit.sty)
(/usr/share/texlive/texmf-dist/tex/latex/beamer/beamerfontthemestructurebold.st
y)) (/usr/share/texlive/texmf-dist/tex/latex/pgf/utilities/pgfpages.sty
Package: pgfpages 2011/01/05 ver 0.02
\pgf@logicalpages=\count368
\pgf@firstshipout=\count369
\pgf@lastshipout=\count370
\pgf@currentshipout=\count371
\pgf@cpn=\count372
\pgf@shipoutnextto=\count373
\pgfphysicalheight=\dimen345
\pgfphysicalwidth=\dimen346
\pgfpages@shipoutbox=\box89
)
(/usr/share/texlive/texmf-dist/tex/latex/hyperref/backref.sty
Package: backref 2020/01/14 v1.40 Bibliographical back referencing
)
(/usr/share/texlive/texmf-dist/tex/latex/tkz-euclide/tkz-euclide.sty
2020/03/18 3.06c tkz-euclide.sty
Package: tkz-euclide 2020/03/18 3.06c for euclidan geometry 
(/usr/share/texlive/texmf-dist/tex/latex/tkz-base/tkz-base.sty
2020/03/18 3.06c tkz-base.sty
Package: tkz-base 2020/03/18 3.06c tkz-base

(/usr/share/texlive/texmf-dist/tex/generic/pgf/frontendlayer/tikz/libraries/tik
zlibraryangles.code.tex
File: tikzlibraryangles.code.tex 2020/12/27 v3.1.8b (3.1.8b)
)
(/usr/share/texlive/texmf-dist/tex/generic/pgf/frontendlayer/tikz/libraries/tik
zlibraryarrows.code.tex
File: tikzlibraryarrows.code.tex 2020/12/27 v3.1.8b (3.1.8b)

(/usr/share/texlive/texmf-dist/tex/generic/pgf/libraries/pgflibraryarrows.code.
tex
File: pgflibraryarrows.code.tex 2020/12/27 v3.1.8b (3.1.8b)
\arrowsize=\dimen347
))
(/usr/share/texlive/texmf-dist/tex/generic/pgf/frontendlayer/tikz/libraries/tik
zlibrarybabel.code.tex
File: tikzlibrarybabel.code.tex 2020/12/27 v3.1.8b (3.1.8b)
)
(/usr/share/texlive/texmf-dist/tex/generic/pgf/frontendlayer/tikz/libraries/tik
zlibrarycalc.code.tex
File: tikzlibrarycalc.code.tex 2020/12/27 v3.1.8b (3.1.8b)
)
(/usr/share/texlive/texmf-dist/tex/generic/pgf/frontendlayer/tikz/libraries/tik
zlibrarydecorations.code.tex
(/usr/share/texlive/texmf-dist/tex/generic/pgf/modules/pgfmoduledecorations.cod
e.tex
\pgfdecoratedcompleteddistance=\dimen348
\pgfdecoratedremainingdistance=\dimen349
\pgfdecoratedinputsegmentcompleteddistance=\dimen350
\pgfdecoratedinputsegmentremainingdistance=\dimen351
\pgf@decorate@distancetomove=\dimen352
\pgf@decorate@repeatstate=\count374
\pgfdecorationsegmentamplitude=\dimen353
\pgfdecorationsegmentlength=\dimen354
)
\tikz@lib@dec@box=\box90
)
(/usr/share/texlive/texmf-dist/tex/generic/pgf/frontendlayer/tikz/libraries/tik
zlibrarydecorations.markings.code.tex
(/usr/share/texlive/texmf-dist/tex/generic/pgf/libraries/decorations/pgflibrary
decorations.markings.code.tex))
(/usr/share/texlive/texmf-dist/tex/generic/pgf/frontendlayer/tikz/libraries/tik
zlibrarydecorations.pathreplacing.code.tex
(/usr/share/texlive/texmf-dist/tex/generic/pgf/libraries/decorations/pgflibrary
decorations.pathreplacing.code.tex))
(/usr/share/texlive/texmf-dist/tex/generic/pgf/frontendlayer/tikz/libraries/tik
zlibrarydecorations.shapes.code.tex
(/usr/share/texlive/texmf-dist/tex/generic/pgf/libraries/decorations/pgflibrary
decorations.shapes.code.tex))
(/usr/share/texlive/texmf-dist/tex/generic/pgf/frontendlayer/tikz/libraries/tik
zlibrarydecorations.text.code.tex
(/usr/share/texlive/texmf-dist/tex/generic/pgf/libraries/decorations/pgflibrary
decorations.text.code.tex
\pgf@lib@dec@text@box=\box91
)
\tikz@lib@dec@te@box=\box92
)
(/usr/share/texlive/texmf-dist/tex/generic/pgf/frontendlayer/tikz/libraries/tik
zlibrarydecorations.pathmorphing.code.tex
(/usr/share/texlive/texmf-dist/tex/generic/pgf/libraries/decorations/pgflibrary
decorations.pathmorphing.code.tex))
(/usr/share/texlive/texmf-dist/tex/generic/pgf/frontendlayer/tikz/libraries/tik
zlibraryintersections.code.tex
(/usr/share/texlive/texmf-dist/tex/generic/pgf/libraries/pgflibraryintersection
s.code.tex
(/usr/share/texlive/texmf-dist/tex/generic/pgf/libraries/pgflibraryfpu.code.tex
)
\pgf@intersect@solutions=\count375
))
(/usr/share/texlive/texmf-dist/tex/generic/pgf/frontendlayer/tikz/libraries/tik
zlibrarypatterns.code.tex
File: tikzlibrarypatterns.code.tex 2020/12/27 v3.1.8b (3.1.8b)

(/usr/share/texlive/texmf-dist/tex/generic/pgf/libraries/pgflibrarypatterns.cod
e.tex
File: pgflibrarypatterns.code.tex 2020/12/27 v3.1.8b (3.1.8b)
))
(/usr/share/texlive/texmf-dist/tex/generic/pgf/frontendlayer/tikz/libraries/tik
zlibraryplotmarks.code.tex
File: tikzlibraryplotmarks.code.tex 2020/12/27 v3.1.8b (3.1.8b)

(/usr/share/texlive/texmf-dist/tex/generic/pgf/libraries/pgflibraryplotmarks.co
de.tex
File: pgflibraryplotmarks.code.tex 2020/12/27 v3.1.8b (3.1.8b)
))
(/usr/share/texlive/texmf-dist/tex/generic/pgf/frontendlayer/tikz/libraries/tik
zlibrarypositioning.code.tex
File: tikzlibrarypositioning.code.tex 2020/12/27 v3.1.8b (3.1.8b)
)
(/usr/share/texlive/texmf-dist/tex/generic/pgf/frontendlayer/tikz/libraries/tik
zlibraryquotes.code.tex
File: tikzlibraryquotes.code.tex 2020/12/27 v3.1.8b (3.1.8b)
)
(/usr/share/texlive/texmf-dist/tex/generic/pgf/frontendlayer/tikz/libraries/tik
zlibraryshadows.code.tex
File: tikzlibraryshadows.code.tex 2020/12/27 v3.1.8b (3.1.8b)

(/usr/share/texlive/texmf-dist/tex/generic/pgf/frontendlayer/tikz/libraries/tik
zlibraryfadings.code.tex
File: tikzlibraryfadings.code.tex 2020/12/27 v3.1.8b (3.1.8b)

(/usr/share/texlive/texmf-dist/tex/generic/pgf/libraries/pgflibraryfadings.code
.tex
File: pgflibraryfadings.code.tex 2020/12/27 v3.1.8b (3.1.8b)
)))
(/usr/share/texlive/texmf-dist/tex/generic/pgf/frontendlayer/tikz/libraries/tik
zlibraryshapes.misc.code.tex
File: tikzlibraryshapes.misc.code.tex 2020/12/27 v3.1.8b (3.1.8b)

(/usr/share/texlive/texmf-dist/tex/generic/pgf/libraries/shapes/pgflibraryshape
s.misc.code.tex
File: pgflibraryshapes.misc.code.tex 2020/12/27 v3.1.8b (3.1.8b)
))
(/usr/share/texlive/texmf-dist/tex/generic/pgf/frontendlayer/tikz/libraries/tik
zlibrarythrough.code.tex
File: tikzlibrarythrough.code.tex 2020/12/27 v3.1.8b (3.1.8b)
)
(/usr/share/texlive/texmf-dist/tex/latex/numprint/numprint.sty
Package: numprint 2012/08/20 v1.39 Print numbers (HH)
\c@nprt@mantissa@digitsbefore=\count376
\c@nprt@mantissa@digitsafter=\count377
\c@nprt@exponent@digitsbefore=\count378
\c@nprt@exponent@digitsafter=\count379
\nprt@digitwidth=\skip79
\nprt@sepwidth=\skip80
\nprt@decimalwidth=\skip81
\nprt@blockwidth=\skip82
\nprt@digittoks=\toks57
\nprt@pretoks=\toks58
\nprt@posttoks=\toks59
\nprt@thisdigit=\count380
\nprt@curpos=\count381
\nprt@rndpos=\count382
\c@nprt@digitsfirstblock=\count383
\c@nprt@blockcnt=\count384
\c@nprt@cntprint=\count385

No configuration file `numprint.cfg' found.)
(/usr/share/texlive/texmf-dist/tex/latex/l3packages/xfp/xfp.sty
(/usr/share/texlive/texmf-dist/tex/latex/l3kernel/expl3.sty
Package: expl3 2021-01-09 L3 programming layer (loader) 

(/usr/share/texlive/texmf-dist/tex/latex/l3backend/l3backend-pdftex.def
File: l3backend-pdftex.def 2020-01-29 L3 backend support: PDF output (pdfTeX)
\l__color_backend_stack_int=\count386
\l__pdf_internal_box=\box93
))
(/usr/share/texlive/texmf-dist/tex/latex/l3packages/xparse/xparse.sty
Package: xparse 2020-10-27 L3 Experimental document command parser

(/usr/share/texlive/texmf-dist/tex/latex/l3packages/xparse/xparse-generic.tex))
Package: xfp 2020-10-27 L3 Floating point unit
) (/usr/share/texlive/texmf-dist/tex/latex/fp/fp.sty
Package: fp 1995/04/02

`Fixed Point Package', Version 0.8, April 2, 1995 (C) Michael Mehlich
(/usr/share/texlive/texmf-dist/tex/latex/fp/defpattern.sty
Package: defpattern 1994/10/12
\actioncount=\count387
)
(/usr/share/texlive/texmf-dist/tex/latex/fp/fp-basic.sty
Package: fp-basic 1996/05/13
\FP@xs=\count388
\FP@xia=\count389
\FP@xib=\count390
\FP@xfa=\count391
\FP@xfb=\count392
\FP@rega=\count393
\FP@regb=\count394
\FP@regs=\count395
\FP@times=\count396
)
(/usr/share/texlive/texmf-dist/tex/latex/fp/fp-addons.sty
Package: fp-addons 1995/03/15
)
(/usr/share/texlive/texmf-dist/tex/latex/fp/fp-snap.sty
Package: fp-snap 1995/04/05
)
(/usr/share/texlive/texmf-dist/tex/latex/fp/fp-exp.sty
Package: fp-exp 1995/04/03
)
(/usr/share/texlive/texmf-dist/tex/latex/fp/fp-trigo.sty
Package: fp-trigo 1995/04/14
)
(/usr/share/texlive/texmf-dist/tex/latex/fp/fp-pas.sty
Package: fp-pas 1994/08/29
)
(/usr/share/texlive/texmf-dist/tex/latex/fp/fp-random.sty
Package: fp-random 1995/02/23
\FPseed=\count397
)
(/usr/share/texlive/texmf-dist/tex/latex/fp/fp-eqn.sty
Package: fp-eqn 1995/04/03
)
(/usr/share/texlive/texmf-dist/tex/latex/fp/fp-upn.sty
Package: fp-upn 1996/10/21
)
(/usr/share/texlive/texmf-dist/tex/latex/fp/fp-eval.sty
Package: fp-eval 1995/04/03
))
\tkzRadius=\dimen355
\tkzLength=\dimen356
\tkz@radi=\dimen357
\tkz@ax=\dimen358
\tkz@ay=\dimen359
\tkz@bx=\dimen360
\tkz@by=\dimen361
\tkz@cx=\dimen362
\tkz@cy=\dimen363
\tkz@dx=\dimen364
\tkz@dy=\dimen365
\tkz@tax=\dimen366
\tkz@tay=\dimen367
\tkz@tbx=\dimen368
\tkz@tby=\dimen369
\tkz@tcx=\dimen370
\tkz@tcy=\dimen371
\tkz@tdx=\dimen372
\tkz@tdy=\dimen373
\tkz@cntmk=\count398

Local configuration file tkz-base.cfg found and used
(/usr/share/texlive/texmf-dist/tex/latex/tkz-base/tkz-base.cfg
2020/03/18 3.06c tkz-base.cfg
) (/usr/share/texlive/texmf-dist/tex/latex/tkz-base/tkz-tools-modules.tex
2020/03/18 3.06c tkz-tools-utilities.tex
) (/usr/share/texlive/texmf-dist/tex/latex/tkz-base/tkz-lib-marks.tex
2020/03/18 3.06c tkz-lib-symbols.tex
) (/usr/share/texlive/texmf-dist/tex/latex/tkz-base/tkz-tools-base.tex
2020/03/18 3.06c tkz-tools-base.tex
) (/usr/share/texlive/texmf-dist/tex/latex/tkz-base/tkz-tools-utilities.tex
2020/03/18 3.06c tkz-tools-utilities.tex
) (/usr/share/texlive/texmf-dist/tex/latex/tkz-euclide/tkz-tools-math.tex
2020/03/18 3.06c tkz-tools-math.tex
) (/usr/share/texlive/texmf-dist/tex/latex/tkz-base/tkz-tools-text.tex
2020/03/18 3.06c tkz-tools-text.tex
) (/usr/share/texlive/texmf-dist/tex/latex/tkz-base/tkz-tools-BB.tex
2020/03/18 3.06c tkz-obj-BB.tex
) (/usr/share/texlive/texmf-dist/tex/latex/tkz-base/tkz-tools-arith.tex
2020/03/18 3.06c tkz-tools-arith.tex
File: tkz-tool-arith.tex tkz-tool-arith 3.02 c
) (/usr/share/texlive/texmf-dist/tex/latex/tkz-base/tkz-tools-print.tex
2020/03/18 3.06c tkz-tools-print.tex
) (/usr/share/texlive/texmf-dist/tex/latex/tkz-base/tkz-tools-misc.tex
2020/03/18 3.06c tkz-tools-misc.tex
) (/usr/share/texlive/texmf-dist/tex/latex/tkz-base/tkz-obj-axes.tex
2020/03/18 3.06c tkz-obj-axes.tex
) (/usr/share/texlive/texmf-dist/tex/latex/tkz-base/tkz-obj-grids.tex
2020/03/18 3.06c tkz-obj-grids.tex
) (/usr/share/texlive/texmf-dist/tex/latex/tkz-base/tkz-obj-marks.tex
2020/03/18 3.07c tkz-obj-marks.tex
) (/usr/share/texlive/texmf-dist/tex/latex/tkz-base/tkz-obj-points.tex
2020/03/18 3.06c tkz-obj-points.tex
) (/usr/share/texlive/texmf-dist/tex/latex/tkz-base/tkz-obj-rep.tex
2020/03/18 3.06c tkz-obj-rep.tex
))
(/usr/share/texlive/texmf-dist/tex/latex/tkz-euclide/tkz-tools-intersections.te
x
2020/03/18 3.06c tkz-tools-intersections.tex
) (/usr/share/texlive/texmf-dist/tex/latex/tkz-euclide/tkz-tools-angles.tex
2020/03/18 3.06c tkz-tools-angles.tex
) (/usr/share/texlive/texmf-dist/tex/latex/tkz-euclide/tkz-obj-eu-angles.tex
2020/03/18 3.06c tkz-tool-eu-angles.tex
\tkz@arcsize=\dimen374
\tkz@fillsize=\dimen375
) (/usr/share/texlive/texmf-dist/tex/latex/tkz-euclide/tkz-obj-eu-arcs.tex
2020/03/23 3.06c tkz-obj-eu-arcs.tex
) (/usr/share/texlive/texmf-dist/tex/latex/tkz-euclide/tkz-obj-eu-compass.tex
2020/03/18 3.06c tkz-obj-eu-compass.tex
) (/usr/share/texlive/texmf-dist/tex/latex/tkz-euclide/tkz-obj-eu-circles.tex
2020/03/18 3.06c tkz-obj-eu-circles.tex
)
(/usr/share/texlive/texmf-dist/tex/latex/tkz-euclide/tkz-obj-eu-draw-circles.te
x
2020/03/18 3.06c tkz-obj-eu-draw-circles.tex
)
(/usr/share/texlive/texmf-dist/tex/latex/tkz-euclide/tkz-obj-eu-draw-lines.tex
2020/03/18 3.06c tkz-obj-eu-draw-lines.tex
)
(/usr/share/texlive/texmf-dist/tex/latex/tkz-euclide/tkz-obj-eu-draw-polygons.t
ex
2020/03/18 3.06c tkz-obj-eu-polygons.tex
)
(/usr/share/texlive/texmf-dist/tex/latex/tkz-euclide/tkz-obj-eu-draw-triangles.
tex) (/usr/share/texlive/texmf-dist/tex/latex/tkz-euclide/tkz-obj-eu-lines.tex
2020/03/18 3.06c tkz-obj-eu-lines.tex
) (/usr/share/texlive/texmf-dist/tex/latex/tkz-euclide/tkz-obj-eu-points.tex
2020/03/18 3.06c tkz-obj-eu-points.tex
) (/usr/share/texlive/texmf-dist/tex/latex/tkz-euclide/tkz-obj-eu-points-by.tex
2020/03/18 3.06c tkz-tools-eu-points-by.tex
)
(/usr/share/texlive/texmf-dist/tex/latex/tkz-euclide/tkz-obj-eu-points-rnd.tex
2020/03/18 3.06c tkz-obj-eu-points-rnd.tex
)
(/usr/share/texlive/texmf-dist/tex/latex/tkz-euclide/tkz-obj-eu-points-with.tex
2020/03/18 3.06c tkz-obj-eu-points-with.tex
) (/usr/share/texlive/texmf-dist/tex/latex/tkz-euclide/tkz-obj-eu-polygons.tex
2020/03/18 3.06c tkz-obj-eu-polygons.tex
)
(/usr/share/texlive/texmf-dist/tex/latex/tkz-euclide/tkz-obj-eu-protractor.tex
2020/03/18 3.06c tkz-obj-eu-protractor.tex
) (/usr/share/texlive/texmf-dist/tex/latex/tkz-euclide/tkz-obj-eu-sectors.tex
2020/03/18 3.06c tkz-obj-eu-sectors.tex
) (/usr/share/texlive/texmf-dist/tex/latex/tkz-euclide/tkz-obj-eu-show.tex
2020/03/18 3.06c tkz-obj-eu-show.tex
) (/usr/share/texlive/texmf-dist/tex/latex/tkz-euclide/tkz-obj-eu-triangles.tex
2020/03/18 3.06c tkz-obj-eu-triangles.tex
)) (/usr/share/texlive/texmf-dist/tex/latex/caladea/caladea.sty
Package: caladea 2014/08/17 (Bob Tennent) Supports Caladea fonts for LaTeX, pdf
LaTeX, luaLaTeX and xeLaTeX.

(/usr/share/texlive/texmf-dist/tex/generic/iftex/ifxetex.sty
Package: ifxetex 2019/10/25 v0.7 ifxetex legacy package. Use iftex instead.
)
(/usr/share/texlive/texmf-dist/tex/generic/iftex/ifluatex.sty
Package: ifluatex 2019/10/25 v1.5 ifluatex legacy package. Use iftex instead.
)
(/usr/share/texlive/texmf-dist/tex/latex/xkeyval/xkeyval.sty
Package: xkeyval 2020/11/20 v2.8 package option processing (HA)

(/usr/share/texlive/texmf-dist/tex/generic/xkeyval/xkeyval.tex
(/usr/share/texlive/texmf-dist/tex/generic/xkeyval/xkvutils.tex
\XKV@toks=\toks60
\XKV@tempa@toks=\toks61
)
\XKV@depth=\count399
File: xkeyval.tex 2014/12/03 v2.7a key=value parser (HA)
))
(/usr/share/texlive/texmf-dist/tex/latex/base/textcomp.sty
Package: textcomp 2020/02/02 v2.0n Standard LaTeX package
))
(/usr/share/texlive/texmf-dist/tex/latex/carlito/carlito.sty
Package: carlito 2014/08/20 (Bob Tennent) Supports Carlito fonts for LaTeX, pdf
LaTeX, luaLaTeX and xeLaTeX.

(/usr/share/texlive/texmf-dist/tex/latex/base/fontenc.sty
Package: fontenc 2020/08/10 v2.0s Standard LaTeX package
)
(/usr/share/texlive/texmf-dist/tex/latex/fontaxes/fontaxes.sty
Package: fontaxes 2020/07/21 v1.0e Font selection axes
LaTeX Info: Redefining \upshape on input line 29.
LaTeX Info: Redefining \itshape on input line 31.
LaTeX Info: Redefining \slshape on input line 33.
LaTeX Info: Redefining \swshape on input line 35.
LaTeX Info: Redefining \scshape on input line 37.
LaTeX Info: Redefining \sscshape on input line 39.
LaTeX Info: Redefining \ulcshape on input line 41.
LaTeX Info: Redefining \textsw on input line 47.
LaTeX Info: Redefining \textssc on input line 48.
LaTeX Info: Redefining \textulc on input line 49.
))
(/usr/share/texlive/texmf-dist/tex/latex/newfloat/newfloat.sty
Package: newfloat 2019/09/02 v1.1l Defining new floating environments (AR)
Package newfloat Info: `rotating' package detected.
)
(/usr/share/texlive/texmf-dist/tex/generic/pgf/frontendlayer/tikz/libraries/tik
zlibraryautomata.code.tex
File: tikzlibraryautomata.code.tex 2020/12/27 v3.1.8b (3.1.8b)

(/usr/share/texlive/texmf-dist/tex/generic/pgf/frontendlayer/tikz/libraries/tik
zlibraryshapes.multipart.code.tex
File: tikzlibraryshapes.multipart.code.tex 2020/12/27 v3.1.8b (3.1.8b)

(/usr/share/texlive/texmf-dist/tex/generic/pgf/libraries/shapes/pgflibraryshape
s.multipart.code.tex
File: pgflibraryshapes.multipart.code.tex 2020/12/27 v3.1.8b (3.1.8b)
\pgfnodepartlowerbox=\box94
\pgfnodeparttwobox=\box95
\pgfnodepartthreebox=\box96
\pgfnodepartfourbox=\box97
\pgfnodeparttwentybox=\box98
\pgfnodepartnineteenbox=\box99
\pgfnodeparteighteenbox=\box100
\pgfnodepartseventeenbox=\box101
\pgfnodepartsixteenbox=\box102
\pgfnodepartfifteenbox=\box103
\pgfnodepartfourteenbox=\box104
\pgfnodepartthirteenbox=\box105
\pgfnodeparttwelvebox=\box106
\pgfnodepartelevenbox=\box107
\pgfnodeparttenbox=\box108
\pgfnodepartninebox=\box109
\pgfnodeparteightbox=\box110
\pgfnodepartsevenbox=\box111
\pgfnodepartsixbox=\box112
\pgfnodepartfivebox=\box113
)))
(/usr/share/texlive/texmf-dist/tex/generic/pgf/frontendlayer/tikz/libraries/tik
zlibraryshapes.code.tex
File: tikzlibraryshapes.code.tex 2020/12/27 v3.1.8b (3.1.8b)

(/usr/share/texlive/texmf-dist/tex/generic/pgf/frontendlayer/tikz/libraries/tik
zlibraryshapes.geometric.code.tex
File: tikzlibraryshapes.geometric.code.tex 2020/12/27 v3.1.8b (3.1.8b)

(/usr/share/texlive/texmf-dist/tex/generic/pgf/libraries/shapes/pgflibraryshape
s.geometric.code.tex
File: pgflibraryshapes.geometric.code.tex 2020/12/27 v3.1.8b (3.1.8b)
))
(/usr/share/texlive/texmf-dist/tex/generic/pgf/frontendlayer/tikz/libraries/tik
zlibraryshapes.symbols.code.tex
File: tikzlibraryshapes.symbols.code.tex 2020/12/27 v3.1.8b (3.1.8b)

(/usr/share/texlive/texmf-dist/tex/generic/pgf/libraries/shapes/pgflibraryshape
s.symbols.code.tex
File: pgflibraryshapes.symbols.code.tex 2020/12/27 v3.1.8b (3.1.8b)
))
(/usr/share/texlive/texmf-dist/tex/generic/pgf/frontendlayer/tikz/libraries/tik
zlibraryshapes.arrows.code.tex
File: tikzlibraryshapes.arrows.code.tex 2020/12/27 v3.1.8b (3.1.8b)

(/usr/share/texlive/texmf-dist/tex/generic/pgf/libraries/shapes/pgflibraryshape
s.arrows.code.tex
File: pgflibraryshapes.arrows.code.tex 2020/12/27 v3.1.8b (3.1.8b)
))
(/usr/share/texlive/texmf-dist/tex/generic/pgf/frontendlayer/tikz/libraries/tik
zlibraryshapes.callouts.code.tex
(/usr/share/texlive/texmf-dist/tex/generic/pgf/libraries/shapes/pgflibraryshape
s.callouts.code.tex)))
(/usr/share/texlive/texmf-dist/tex/latex/beamer/beamerthemeDarmstadt.sty
(/usr/share/texlive/texmf-dist/tex/latex/beamer/beamerouterthemesmoothbars.sty)
(/usr/share/texlive/texmf-dist/tex/latex/beamer/beamerinnerthemerounded.sty)
(/usr/share/texlive/texmf-dist/tex/latex/beamer/beamercolorthemeorchid.sty))
Package newfloat Info: New float `quadro' with options ` fileext = qos , listna
me = {Lista de Quadros} , name = Quadro ' on input line 193.
\c@quadro=\count400
\newfloat@ftype=\count401
Package newfloat Info: float type `quadro'=8 on input line 193.
)
(./abntex2cite.sty
Package: abntex2cite <CURRENT_DATE> v<VERSION> abnTeX2
 (./abntex2abrev.sty)
(/usr/share/texlive/texmf-dist/tex/latex/setspace/setspace.sty
Package: setspace 2011/12/19 v6.7a set line spacing
)
\bibindent=\skip83
\minimumbiblabelwidth=\skip84
\ABCIauxlen=\skip85
\c@ABCIaux=\count402
\c@ABCImax=\count403

(/usr/share/texlive/texmf-dist/tex/latex/relsize/relsize.sty
Package: relsize 2013/03/29 ver 4.1
)
\biblabelsep=\skip86
LaTeX Info: Redefining \newblock on input line 591.
LaTeX Info: Redefining \cite on input line 618.
\ABCItoken=\toks62
)
(/usr/share/texlive/texmf-dist/tex/latex/enumitem/enumitem.sty
Package: enumitem 2019/06/20 v3.9 Customized lists
\labelindent=\skip87
\enit@outerparindent=\dimen376
\enit@toks=\toks63
\enit@inbox=\box114
\enit@count@id=\count404
\enitdp@description=\count405
)
\c@questionsi=\count406
\c@questionsii=\count407
\enitdp@questions=\count408
LaTeX Font Info:    Trying to load font information for T1+Carlito-OsF on input
 line 16.

(/usr/share/texlive/texmf-dist/tex/latex/carlito/T1Carlito-OsF.fd
File: T1Carlito-OsF.fd 2014/08/20 (autoinst) Font definitions for T1/Carlito-Os
F.
)
LaTeX Font Info:    Font shape `T1/Carlito-OsF/m/n' will be
(Font)              scaled to size 10.95pt on input line 16.

(./Template Latex - Apresentacao - IFSP - SBV.aux)
\openout1 = `"Template Latex - Apresentacao - IFSP - SBV.aux"'.

LaTeX Font Info:    Checking defaults for OML/cmm/m/it on input line 16.
LaTeX Font Info:    ... okay on input line 16.
LaTeX Font Info:    Checking defaults for OMS/cmsy/m/n on input line 16.
LaTeX Font Info:    ... okay on input line 16.
LaTeX Font Info:    Checking defaults for OT1/cmr/m/n on input line 16.
LaTeX Font Info:    ... okay on input line 16.
LaTeX Font Info:    Checking defaults for T1/cmr/m/n on input line 16.
LaTeX Font Info:    ... okay on input line 16.
LaTeX Font Info:    Checking defaults for TS1/cmr/m/n on input line 16.
LaTeX Font Info:    ... okay on input line 16.
LaTeX Font Info:    Checking defaults for OMX/cmex/m/n on input line 16.
LaTeX Font Info:    ... okay on input line 16.
LaTeX Font Info:    Checking defaults for U/cmr/m/n on input line 16.
LaTeX Font Info:    ... okay on input line 16.
LaTeX Font Info:    Checking defaults for PD1/pdf/m/n on input line 16.
LaTeX Font Info:    ... okay on input line 16.

*geometry* driver: auto-detecting
*geometry* detected driver: pdftex
*geometry* verbose mode - [ preamble ] result:
* driver: pdftex
* paper: custom
* layout: <same size as paper>
* layoutoffset:(h,v)=(0.0pt,0.0pt)
* modes: includehead includefoot 
* h-part:(L,W,R)=(28.45274pt, 398.3386pt, 28.45274pt)
* v-part:(T,H,B)=(0.0pt, 256.0748pt, 0.0pt)
* \paperwidth=455.24408pt
* \paperheight=256.0748pt
* \textwidth=398.3386pt
* \textheight=227.62207pt
* \oddsidemargin=-43.81725pt
* \evensidemargin=-43.81725pt
* \topmargin=-72.26999pt
* \headheight=14.22636pt
* \headsep=0.0pt
* \topskip=11.0pt
* \footskip=14.22636pt
* \marginparwidth=4.0pt
* \marginparsep=10.0pt
* \columnsep=10.0pt
* \skip\footins=10.0pt plus 4.0pt minus 2.0pt
* \hoffset=0.0pt
* \voffset=0.0pt
* \mag=1000
* \@twocolumnfalse
* \@twosidefalse
* \@mparswitchfalse
* \@reversemarginfalse
* (1in=72.27pt=25.4mm, 1cm=28.453pt)

(/usr/share/texlive/texmf-dist/tex/context/base/mkii/supp-pdf.mkii
[Loading MPS to PDF converter (version 2006.09.02).]
\scratchcounter=\count409
\scratchdimen=\dimen377
\scratchbox=\box115
\nofMPsegments=\count410
\nofMParguments=\count411
\everyMPshowfont=\toks64
\MPscratchCnt=\count412
\MPscratchDim=\dimen378
\MPnumerator=\count413
\makeMPintoPDFobject=\count414
\everyMPtoPDFconversion=\toks65
) (/usr/share/texlive/texmf-dist/tex/latex/epstopdf-pkg/epstopdf-base.sty
Package: epstopdf-base 2020-01-24 v2.11 Base part for package epstopdf
Package epstopdf-base Info: Redefining graphics rule for `.eps' on input line 4
85.

(/usr/share/texlive/texmf-dist/tex/latex/latexconfig/epstopdf-sys.cfg
File: epstopdf-sys.cfg 2010/07/13 v1.3 Configuration of (r)epstopdf for TeX Liv
e
))
Package hyperref Info: Link coloring OFF on input line 16.

(/usr/share/texlive/texmf-dist/tex/latex/hyperref/nameref.sty
Package: nameref 2019/09/16 v2.46 Cross-referencing by name of section

(/usr/share/texlive/texmf-dist/tex/latex/refcount/refcount.sty
Package: refcount 2019/12/15 v3.6 Data extraction from label references (HO)
)
(/usr/share/texlive/texmf-dist/tex/generic/gettitlestring/gettitlestring.sty
Package: gettitlestring 2019/12/15 v1.6 Cleanup title references (HO)
)
\c@section@level=\count415
)
LaTeX Info: Redefining \ref on input line 16.
LaTeX Info: Redefining \pageref on input line 16.
LaTeX Info: Redefining \nameref on input line 16.

(./Template Latex - Apresentacao - IFSP - SBV.out)
(./Template Latex - Apresentacao - IFSP - SBV.out)
\@outlinefile=\write5
\openout5 = `"Template Latex - Apresentacao - IFSP - SBV.out"'.

LaTeX Font Info:    Overwriting symbol font `operators' in version `normal'
(Font)                  OT1/lmr/m/n --> OT1/cmss/m/n on input line 16.
LaTeX Font Info:    Overwriting symbol font `operators' in version `bold'
(Font)                  OT1/lmr/bx/n --> OT1/cmss/b/n on input line 16.
LaTeX Font Info:    Overwriting symbol font `operators' in version `normal'
(Font)                  OT1/cmss/m/n --> OT1/Carlito-OsF/m/n on input line 16.
LaTeX Font Info:    Overwriting symbol font `operators' in version `bold'
(Font)                  OT1/cmss/b/n --> OT1/Carlito-OsF/b/n on input line 16.
\symnumbers=\mathgroup6
\sympureletters=\mathgroup7
LaTeX Font Info:    Overwriting math alphabet `\mathrm' in version `normal'
(Font)                  OT1/Carlito-OsF/m/n --> T1/Caladea-TLF/m/n on input lin
e 16.
LaTeX Font Info:    Redeclaring math alphabet \mathbf on input line 16.
LaTeX Font Info:    Overwriting math alphabet `\mathbf' in version `normal'
(Font)                  OT1/lmr/bx/n --> T1/Carlito-OsF/b/n on input line 16.
LaTeX Font Info:    Overwriting math alphabet `\mathbf' in version `bold'
(Font)                  OT1/lmr/bx/n --> T1/Carlito-OsF/b/n on input line 16.
LaTeX Font Info:    Redeclaring math alphabet \mathsf on input line 16.
LaTeX Font Info:    Overwriting math alphabet `\mathsf' in version `normal'
(Font)                  OT1/lmss/m/n --> T1/Carlito-OsF/m/n on input line 16.
LaTeX Font Info:    Overwriting math alphabet `\mathsf' in version `bold'
(Font)                  OT1/lmss/bx/n --> T1/Carlito-OsF/m/n on input line 16.
LaTeX Font Info:    Redeclaring math alphabet \mathit on input line 16.
LaTeX Font Info:    Overwriting math alphabet `\mathit' in version `normal'
(Font)                  OT1/lmr/m/it --> T1/Carlito-OsF/m/it on input line 16.
LaTeX Font Info:    Overwriting math alphabet `\mathit' in version `bold'
(Font)                  OT1/lmr/bx/it --> T1/Carlito-OsF/m/it on input line 16.

LaTeX Font Info:    Redeclaring math alphabet \mathtt on input line 16.
LaTeX Font Info:    Overwriting math alphabet `\mathtt' in version `normal'
(Font)                  OT1/lmtt/m/n --> T1/lmtt/m/n on input line 16.
LaTeX Font Info:    Overwriting math alphabet `\mathtt' in version `bold'
(Font)                  OT1/lmtt/m/n --> T1/lmtt/m/n on input line 16.
LaTeX Font Info:    Overwriting symbol font `numbers' in version `bold'
(Font)                  T1/Carlito-OsF/m/n --> T1/Carlito-OsF/b/n on input line
 16.
LaTeX Font Info:    Overwriting symbol font `pureletters' in version `bold'
(Font)                  T1/Carlito-OsF/m/it --> T1/Carlito-OsF/b/it on input li
ne 16.
LaTeX Font Info:    Overwriting math alphabet `\mathrm' in version `bold'
(Font)                  OT1/Carlito-OsF/b/n --> T1/Caladea-TLF/b/n on input lin
e 16.
LaTeX Font Info:    Overwriting math alphabet `\mathbf' in version `bold'
(Font)                  T1/Carlito-OsF/b/n --> T1/Carlito-OsF/b/n on input line
 16.
LaTeX Font Info:    Overwriting math alphabet `\mathsf' in version `bold'
(Font)                  T1/Carlito-OsF/m/n --> T1/Carlito-OsF/b/n on input line
 16.
LaTeX Font Info:    Overwriting math alphabet `\mathit' in version `bold'
(Font)                  T1/Carlito-OsF/m/it --> T1/Carlito-OsF/b/it on input li
ne 16.
LaTeX Font Info:    Overwriting math alphabet `\mathtt' in version `bold'
(Font)                  T1/lmtt/m/n --> T1/lmtt/b/n on input line 16.

(/usr/share/texlive/texmf-dist/tex/latex/translator/translator-basic-dictionary
-English.dict
Dictionary: translator-basic-dictionary, Language: English 
)
(/usr/share/texlive/texmf-dist/tex/latex/translator/translator-bibliography-dic
tionary-English.dict
Dictionary: translator-bibliography-dictionary, Language: English 
)
(/usr/share/texlive/texmf-dist/tex/latex/translator/translator-environment-dict
ionary-English.dict
Dictionary: translator-environment-dictionary, Language: English 
)
(/usr/share/texlive/texmf-dist/tex/latex/translator/translator-months-dictionar
y-English.dict
Dictionary: translator-months-dictionary, Language: English 
)
(/usr/share/texlive/texmf-dist/tex/latex/translator/translator-numbers-dictiona
ry-English.dict
Dictionary: translator-numbers-dictionary, Language: English 
)
(/usr/share/texlive/texmf-dist/tex/latex/translator/translator-theorem-dictiona
ry-English.dict
Dictionary: translator-theorem-dictionary, Language: English 
)
LaTeX Info: Redefining \microtypecontext on input line 16.
Package microtype Info: Generating PDF output.
Package microtype Info: Character protrusion enabled (level 2).
Package microtype Info: Using default protrusion set `alltext'.
Package microtype Info: Automatic font expansion enabled (level 2),
(microtype)             stretch: 20, shrink: 20, step: 1, non-selected.
Package microtype Info: Using default expansion set `alltext-nott'.
LaTeX Info: Redefining \showhyphens on input line 16.
Package microtype Info: No adjustment of tracking.
Package microtype Info: No adjustment of interword spacing.
Package microtype Info: No adjustment of character kerning.
Package microtype Info: Loading generic protrusion settings for font family
(microtype)             `Carlito-OsF' (encoding: T1).
(microtype)             For optimal results, create family-specific settings.
(microtype)             See the microtype manual for details.
Package caption Info: Begin \AtBeginDocument code.
Package caption Info: subfig package v1.3 is loaded.
Package caption Info: listings package is loaded.
Package caption Info: rotating package is loaded.
Package caption Info: End \AtBeginDocument code.
\c@lstlisting=\count416

(/usr/share/texlive/texmf-dist/tex/latex/pdflscape/pdflscape.sty
Package: pdflscape 2019/12/05 v0.12 Display of landscape pages in PDF (HO)

(/usr/share/texlive/texmf-dist/tex/latex/graphics/lscape.sty
Package: lscape 2020/05/28 v3.02 Landscape Pages (DPC)
)
Package pdflscape Info: Auto-detected driver: pdftex on input line 81.
)
\c@mv@tabular=\count417
\c@mv@boldtabular=\count418
LaTeX Font Info:    Font shape `T1/Carlito-OsF/m/n' will be
(Font)              scaled to size 6.0pt on input line 16.
LaTeX Font Info:    Font shape `T1/Carlito-OsF/b/n' will be
(Font)              scaled to size 6.0pt on input line 16.

(./Template Latex - Apresentacao - IFSP - SBV.nav)
LaTeX Font Info:    Font shape `T1/Carlito-OsF/b/n' will be
(Font)              scaled to size 8.0pt on input line 16.
 (./01Capa.tex
<imagens/capa.png, id=158, 2409.0pt x 1355.0625pt>
File: imagens/capa.png Graphic file (type png)
<use imagens/capa.png>
Package pdftex.def Info: imagens/capa.png  used on input line 13.
(pdftex.def)             Requested size: 486.60681pt x 273.71632pt.
LaTeX Font Info:    Font shape `T1/Carlito-OsF/m/n' will be
(Font)              scaled to size 14.4pt on input line 13.
LaTeX Font Info:    Font shape `T1/Carlito-OsF/b/n' will be
(Font)              scaled to size 14.4pt on input line 13.
LaTeX Font Info:    Font shape `T1/Carlito-OsF/b/n' will be
(Font)              scaled to size 9.0pt on input line 13.
LaTeX Font Info:    Font shape `T1/Carlito-OsF/m/n' will be
(Font)              scaled to size 9.0pt on input line 13.
LaTeX Font Info:    Font shape `T1/Carlito-OsF/m/n' will be
(Font)              scaled to size 8.0pt on input line 13.
 [1

{/var/lib/texmf/fonts/map/pdftex/updmap/pdftex.map} <./imagens/capa.png>]
(./Template Latex - Apresentacao - IFSP - SBV.toc)
(./Template Latex - Apresentacao - IFSP - SBV.toc
LaTeX Font Info:    Trying to load font information for TS1+Carlito-OsF on inpu
t line 15.

(/usr/share/texlive/texmf-dist/tex/latex/carlito/TS1Carlito-OsF.fd
File: TS1Carlito-OsF.fd 2014/08/20 (autoinst) Font definitions for TS1/Carlito-
OsF.
)
LaTeX Font Info:    Font shape `TS1/Carlito-OsF/m/n' will be
(Font)              scaled to size 10.95pt on input line 15.
Package microtype Info: Loading generic protrusion settings for font family
(microtype)             `Carlito-OsF' (encoding: TS1).
(microtype)             For optimal results, create family-specific settings.
(microtype)             See the microtype manual for details.
)
LaTeX Font Info:    Font shape `T1/Carlito-OsF/b/n' will be
(Font)              scaled to size 4.0pt on input line 27.
<imagens/logo.png, id=192, 192.72pt x 70.76437pt>
File: imagens/logo.png Graphic file (type png)
<use imagens/logo.png>
Package pdftex.def Info: imagens/logo.png  used on input line 27.
(pdftex.def)             Requested size: 38.5433pt x 14.15262pt.
LaTeX Font Info:    Font shape `T1/Carlito-OsF/m/n' will be
(Font)              scaled to size 4.0pt on input line 27.
 [2

 <./imagens/logo.png>]) (./02Introducao.tex
File: imagens/logo.png Graphic file (type png)
<use imagens/logo.png>
Package pdftex.def Info: imagens/logo.png  used on input line 11.
(pdftex.def)             Requested size: 38.5433pt x 14.15262pt.
 [3

]
File: imagens/logo.png Graphic file (type png)
<use imagens/logo.png>
Package pdftex.def Info: imagens/logo.png  used on input line 23.
(pdftex.def)             Requested size: 38.5433pt x 14.15262pt.
 [4

]
File: imagens/logo.png Graphic file (type png)
<use imagens/logo.png>
Package pdftex.def Info: imagens/logo.png  used on input line 50.
(pdftex.def)             Requested size: 38.5433pt x 14.15262pt.
 [5

])
(./03RevisaoLiteraturaConsideracoesGerais.tex
File: imagens/logo.png Graphic file (type png)
<use imagens/logo.png>
Package pdftex.def Info: imagens/logo.png  used on input line 18.
(pdftex.def)             Requested size: 38.5433pt x 14.15262pt.
 [6

]
File: imagens/logo.png Graphic file (type png)
<use imagens/logo.png>
Package pdftex.def Info: imagens/logo.png  used on input line 25.
(pdftex.def)             Requested size: 38.5433pt x 14.15262pt.
 [7

]
<imagens/area.png, id=480, 505.89pt x 505.89pt>
File: imagens/area.png Graphic file (type png)
<use imagens/area.png>
Package pdftex.def Info: imagens/area.png  used on input line 49.
(pdftex.def)             Requested size: 151.76816pt x 151.76816pt.
<imagens/populacao.png, id=481, 505.89pt x 505.89pt>
File: imagens/populacao.png Graphic file (type png)
<use imagens/populacao.png>
Package pdftex.def Info: imagens/populacao.png  used on input line 49.
(pdftex.def)             Requested size: 151.76816pt x 151.76816pt.
File: imagens/logo.png Graphic file (type png)
<use imagens/logo.png>
Package pdftex.def Info: imagens/logo.png  used on input line 49.
(pdftex.def)             Requested size: 38.5433pt x 14.15262pt.
 [8

 <./imagens/area.png> <./imagens/populacao.png>]
<imagens/area_construida.png, id=524, 505.89pt x 505.89pt>
File: imagens/area_construida.png Graphic file (type png)
<use imagens/area_construida.png>
Package pdftex.def Info: imagens/area_construida.png  used on input line 72.
(pdftex.def)             Requested size: 151.76816pt x 151.76816pt.
<imagens/grafo.png, id=525, 513.92pt x 513.92pt>
File: imagens/grafo.png Graphic file (type png)
<use imagens/grafo.png>
Package pdftex.def Info: imagens/grafo.png  used on input line 72.
(pdftex.def)             Requested size: 179.87468pt x 179.87468pt.

Overfull \vbox (27.63019pt too high) detected at line 72
 []

File: imagens/logo.png Graphic file (type png)
<use imagens/logo.png>
Package pdftex.def Info: imagens/logo.png  used on input line 72.
(pdftex.def)             Requested size: 38.5433pt x 14.15262pt.
[9

 <./imagens/area_construida.png> <./imagens/grafo.png (PNG copy)>]
<imagens/coleta.png, id=568, 1032.85875pt x 553.06625pt>
File: imagens/coleta.png Graphic file (type png)
<use imagens/coleta.png>
Package pdftex.def Info: imagens/coleta.png  used on input line 86.
(pdftex.def)             Requested size: 361.50598pt x 193.57608pt.

Overfull \vbox (26.73158pt too high) detected at line 86
 []

File: imagens/logo.png Graphic file (type png)
<use imagens/logo.png>
Package pdftex.def Info: imagens/logo.png  used on input line 86.
(pdftex.def)             Requested size: 38.5433pt x 14.15262pt.
[10

 <./imagens/coleta.png>]
<imagens/perfil.png, id=610, 1032.85875pt x 553.06625pt>
File: imagens/perfil.png Graphic file (type png)
<use imagens/perfil.png>
Package pdftex.def Info: imagens/perfil.png  used on input line 96.
(pdftex.def)             Requested size: 361.50598pt x 193.57608pt.

Overfull \vbox (26.73158pt too high) detected at line 96
 []

File: imagens/logo.png Graphic file (type png)
<use imagens/logo.png>
Package pdftex.def Info: imagens/logo.png  used on input line 96.
(pdftex.def)             Requested size: 38.5433pt x 14.15262pt.
[11

 <./imagens/perfil.png>]
<imagens/ocupacao.png, id=652, 1032.85875pt x 553.06625pt>
File: imagens/ocupacao.png Graphic file (type png)
<use imagens/ocupacao.png>
Package pdftex.def Info: imagens/ocupacao.png  used on input line 107.
(pdftex.def)             Requested size: 361.50598pt x 193.57608pt.

Overfull \vbox (26.73158pt too high) detected at line 107
 []

File: imagens/logo.png Graphic file (type png)
<use imagens/logo.png>
Package pdftex.def Info: imagens/logo.png  used on input line 107.
(pdftex.def)             Requested size: 38.5433pt x 14.15262pt.
[12

 <./imagens/ocupacao.png>]
<imagens/acabamento.png, id=695, 1032.85875pt x 553.06625pt>
File: imagens/acabamento.png Graphic file (type png)
<use imagens/acabamento.png>
Package pdftex.def Info: imagens/acabamento.png  used on input line 118.
(pdftex.def)             Requested size: 361.50598pt x 193.57608pt.

Overfull \vbox (26.73158pt too high) detected at line 118
 []

File: imagens/logo.png Graphic file (type png)
<use imagens/logo.png>
Package pdftex.def Info: imagens/logo.png  used on input line 118.
(pdftex.def)             Requested size: 38.5433pt x 14.15262pt.
[13

 <./imagens/acabamento.png>]) (./04Metodologia.tex
LaTeX Font Info:    Font shape `T1/Carlito-OsF/m/it' will be
(Font)              scaled to size 10.95pt on input line 13.
File: imagens/logo.png Graphic file (type png)
<use imagens/logo.png>
Package pdftex.def Info: imagens/logo.png  used on input line 13.
(pdftex.def)             Requested size: 38.5433pt x 14.15262pt.
 [14

]
LaTeX Font Info:    Font shape `T1/Carlito-OsF/m/n' will be
(Font)              scaled to size 10.0pt on input line 26.
<imagens/pipeline.png, id=788, 542.025pt x 215.30438pt>
File: imagens/pipeline.png Graphic file (type png)
<use imagens/pipeline.png>
Package pdftex.def Info: imagens/pipeline.png  used on input line 26.
(pdftex.def)             Requested size: 352.31207pt x 139.94618pt.
File: imagens/logo.png Graphic file (type png)
<use imagens/logo.png>
Package pdftex.def Info: imagens/logo.png  used on input line 26.
(pdftex.def)             Requested size: 38.5433pt x 14.15262pt.
 [15

 <./imagens/pipeline.png>]
LaTeX Font Info:    Font shape `T1/Carlito-OsF/b/n' will be
(Font)              scaled to size 10.95pt on input line 46.
LaTeX Font Info:    Font shape `T1/Carlito-OsF/b/it' will be
(Font)              scaled to size 10.95pt on input line 46.
File: imagens/logo.png Graphic file (type png)
<use imagens/logo.png>
Package pdftex.def Info: imagens/logo.png  used on input line 46.
(pdftex.def)             Requested size: 38.5433pt x 14.15262pt.
 [16

]
File: imagens/logo.png Graphic file (type png)
<use imagens/logo.png>
Package pdftex.def Info: imagens/logo.png  used on input line 60.
(pdftex.def)             Requested size: 38.5433pt x 14.15262pt.
 [17

]) (./05Resultados.tex
Overfull \vbox (3.83514pt too high) detected at line 29
 []

File: imagens/logo.png Graphic file (type png)
<use imagens/logo.png>
Package pdftex.def Info: imagens/logo.png  used on input line 29.
(pdftex.def)             Requested size: 38.5433pt x 14.15262pt.
[18

]
File: imagens/logo.png Graphic file (type png)
<use imagens/logo.png>
Package pdftex.def Info: imagens/logo.png  used on input line 42.
(pdftex.def)             Requested size: 38.5433pt x 14.15262pt.
 [19

]
File: imagens/logo.png Graphic file (type png)
<use imagens/logo.png>
Package pdftex.def Info: imagens/logo.png  used on input line 54.
(pdftex.def)             Requested size: 38.5433pt x 14.15262pt.
LaTeX Font Info:    Font shape `TS1/Carlito-OsF/b/n' will be
(Font)              scaled to size 6.0pt on input line 54.
 [20

]
<imagens/utilidade_suporte.png, id=1034, 1032.85875pt x 553.06625pt>
File: imagens/utilidade_suporte.png Graphic file (type png)
<use imagens/utilidade_suporte.png>
Package pdftex.def Info: imagens/utilidade_suporte.png  used on input line 62.
(pdftex.def)             Requested size: 361.50598pt x 193.57608pt.

Overfull \vbox (0.17531pt too high) detected at line 62
 []

File: imagens/logo.png Graphic file (type png)
<use imagens/logo.png>
Package pdftex.def Info: imagens/logo.png  used on input line 62.
(pdftex.def)             Requested size: 38.5433pt x 14.15262pt.
[21

 <./imagens/utilidade_suporte.png (PNG copy)>]
File: imagens/logo.png Graphic file (type png)
<use imagens/logo.png>
Package pdftex.def Info: imagens/logo.png  used on input line 71.
(pdftex.def)             Requested size: 38.5433pt x 14.15262pt.
 [22

]
<imagens/cortana3.png, id=1116, 1445.4pt x 774.64406pt>
File: imagens/cortana3.png Graphic file (type png)
<use imagens/cortana3.png>
Package pdftex.def Info: imagens/cortana3.png  used on input line 80.
(pdftex.def)             Requested size: 375.79514pt x 201.4027pt.

Overfull \vbox (8.00192pt too high) detected at line 80
 []

File: imagens/logo.png Graphic file (type png)
<use imagens/logo.png>
Package pdftex.def Info: imagens/logo.png  used on input line 80.
(pdftex.def)             Requested size: 38.5433pt x 14.15262pt.
[23

 <./imagens/cortana3.png (PNG copy)>]
<imagens/cortana-ap.png, id=1157, 788.9475pt x 765.6103pt>
File: imagens/cortana-ap.png Graphic file (type png)
<use imagens/cortana-ap.png>
Package pdftex.def Info: imagens/cortana-ap.png  used on input line 89.
(pdftex.def)             Requested size: 205.1215pt x 199.05399pt.

Overfull \vbox (5.65321pt too high) detected at line 89
 []

File: imagens/logo.png Graphic file (type png)
<use imagens/logo.png>
Package pdftex.def Info: imagens/logo.png  used on input line 89.
(pdftex.def)             Requested size: 38.5433pt x 14.15262pt.
[24

 <./imagens/cortana-ap.png>]
LaTeX Font Info:    Trying to load font information for OT1+Carlito-OsF on inpu
t line 110.

(/usr/share/texlive/texmf-dist/tex/latex/carlito/OT1Carlito-OsF.fd
File: OT1Carlito-OsF.fd 2014/08/20 (autoinst) Font definitions for OT1/Carlito-
OsF.
)
LaTeX Font Info:    Font shape `OT1/Carlito-OsF/m/n' will be
(Font)              scaled to size 10.95pt on input line 110.
Package microtype Info: Loading generic protrusion settings for font family
(microtype)             `Carlito-OsF' (encoding: OT1).
(microtype)             For optimal results, create family-specific settings.
(microtype)             See the microtype manual for details.
LaTeX Font Info:    Font shape `OT1/Carlito-OsF/m/n' will be
(Font)              scaled to size 8.0pt on input line 110.
LaTeX Font Info:    Font shape `OT1/Carlito-OsF/m/n' will be
(Font)              scaled to size 6.0pt on input line 110.
LaTeX Font Info:    Trying to load font information for OML+lmm on input line 1
10.

(/usr/share/texmf/tex/latex/lm/omllmm.fd
File: omllmm.fd 2009/10/30 v1.6 Font defs for Latin Modern
)
LaTeX Font Info:    Trying to load font information for OMS+lmsy on input line 
110.

(/usr/share/texmf/tex/latex/lm/omslmsy.fd
File: omslmsy.fd 2009/10/30 v1.6 Font defs for Latin Modern
)
LaTeX Font Info:    Trying to load font information for OMX+lmex on input line 
110.

(/usr/share/texmf/tex/latex/lm/omxlmex.fd
File: omxlmex.fd 2009/10/30 v1.6 Font defs for Latin Modern
)
LaTeX Font Info:    External font `lmex10' loaded for size
(Font)              <10.95> on input line 110.
LaTeX Font Info:    External font `lmex10' loaded for size
(Font)              <8> on input line 110.
LaTeX Font Info:    External font `lmex10' loaded for size
(Font)              <6> on input line 110.
LaTeX Font Info:    Trying to load font information for U+msa on input line 110
.

(/usr/share/texlive/texmf-dist/tex/latex/amsfonts/umsa.fd
File: umsa.fd 2013/01/14 v3.01 AMS symbols A
)
(/usr/share/texlive/texmf-dist/tex/latex/microtype/mt-msa.cfg
File: mt-msa.cfg 2006/02/04 v1.1 microtype config. file: AMS symbols (a) (RS)
)
LaTeX Font Info:    Trying to load font information for U+msb on input line 110
.

(/usr/share/texlive/texmf-dist/tex/latex/amsfonts/umsb.fd
File: umsb.fd 2013/01/14 v3.01 AMS symbols B
)
(/usr/share/texlive/texmf-dist/tex/latex/microtype/mt-msb.cfg
File: mt-msb.cfg 2005/06/01 v1.0 microtype config. file: AMS symbols (b) (RS)
)
LaTeX Font Info:    Font shape `T1/Carlito-OsF/m/it' will be
(Font)              scaled to size 8.0pt on input line 110.
LaTeX Font Info:    Font shape `T1/Carlito-OsF/m/it' will be
(Font)              scaled to size 6.0pt on input line 110.
File: imagens/logo.png Graphic file (type png)
<use imagens/logo.png>
Package pdftex.def Info: imagens/logo.png  used on input line 110.
(pdftex.def)             Requested size: 38.5433pt x 14.15262pt.
 [25

]
<imagens/gentrificacao.png, id=1241, 1414.53468pt x 720.44156pt>
File: imagens/gentrificacao.png Graphic file (type png)
<use imagens/gentrificacao.png>
Package pdftex.def Info: imagens/gentrificacao.png  used on input line 118.
(pdftex.def)             Requested size: 367.77034pt x 187.31038pt.
File: imagens/logo.png Graphic file (type png)
<use imagens/logo.png>
Package pdftex.def Info: imagens/logo.png  used on input line 118.
(pdftex.def)             Requested size: 38.5433pt x 14.15262pt.
 [26

 <./imagens/gentrificacao.png>]) (./06Conclusao.tex
File: imagens/logo.png Graphic file (type png)
<use imagens/logo.png>
Package pdftex.def Info: imagens/logo.png  used on input line 14.
(pdftex.def)             Requested size: 38.5433pt x 14.15262pt.
 [27

]
File: imagens/logo.png Graphic file (type png)
<use imagens/logo.png>
Package pdftex.def Info: imagens/logo.png  used on input line 23.
(pdftex.def)             Requested size: 38.5433pt x 14.15262pt.
 [28

]
File: imagens/logo.png Graphic file (type png)
<use imagens/logo.png>
Package pdftex.def Info: imagens/logo.png  used on input line 37.
(pdftex.def)             Requested size: 38.5433pt x 14.15262pt.
 [29

]
LaTeX Font Info:    Font shape `T1/Carlito-OsF/m/n' will be
(Font)              scaled to size 24.88pt on input line 44.
File: imagens/logo.png Graphic file (type png)
<use imagens/logo.png>
Package pdftex.def Info: imagens/logo.png  used on input line 44.
(pdftex.def)             Requested size: 38.5433pt x 14.15262pt.
 [30

])
(./00Referencias.tex (./Template Latex - Apresentacao - IFSP - SBV.bbl
(./Template Latex - Apresentacao - IFSP - SBV.brf)
\tf@brf=\write6
\openout6 = `"Template Latex - Apresentacao - IFSP - SBV.brf"'.

))
\tf@nav=\write7
\openout7 = `"Template Latex - Apresentacao - IFSP - SBV.nav"'.

\tf@toc=\write8
\openout8 = `"Template Latex - Apresentacao - IFSP - SBV.toc"'.

\tf@snm=\write9
\openout9 = `"Template Latex - Apresentacao - IFSP - SBV.snm"'.


(./Template Latex - Apresentacao - IFSP - SBV.aux)
Package rerunfilecheck Info: File `"Template Latex - Apresentacao - IFSP - SBV"
.out' has not changed.
(rerunfilecheck)             Checksum: 4C4F51F0F2988BA4AC2FEB0A7CA334A3;1415.
Package rerunfilecheck Info: File `"Template Latex - Apresentacao - IFSP - SBV"
.brf' has not changed.
(rerunfilecheck)             Checksum: 7D119E3B4D9B8BEE5D4FFD7068D09690;404.
 ) 
Here is how much of TeX's memory you used:
 38831 strings out of 480524
 795417 string characters out of 5893779
 1239636 words of memory out of 5000000
 54456 multiletter control sequences out of 15000+600000
 578565 words of font info for 178 fonts, out of 8000000 for 9000
 378 hyphenation exceptions out of 8191
 131i,20n,132p,465b,1086s stack positions out of 5000i,500n,10000p,200000b,80000s
pdfTeX warning (dest): name{cite.sommerville2011software} has been referenced
 but does not exist, replaced by a fixed one

pdfTeX warning (dest): name{cite.caldiera1994goal} has been referenced but does
 not exist, replaced by a fixed one

pdfTeX warning (dest): name{cite.proencca2021robust} has been referenced but do
es not exist, replaced by a fixed one

pdfTeX warning (dest): name{cite.nwagu2017knowledge} has been referenced but do
es not exist, replaced by a fixed one

pdfTeX warning (dest): name{cite.solla2019resistencia} has been referenced but 
does not exist, replaced by a fixed one

pdfTeX warning (dest): name{cite.dos2019sapucai} has been referenced but does n
ot exist, replaced by a fixed one

pdfTeX warning (dest): name{cite.andrade2020urban} has been referenced but does
 not exist, replaced by a fixed one

{/usr/share/texlive/texmf-dist/fonts/enc/dvips/carlito/crlt_llspvt.enc}{/usr/sh
are/texlive/texmf-dist/fonts/enc/dvips/carlito/crlt_ynpzot.enc}</usr/share/texl
ive/texmf-dist/fonts/type1/typoland/carlito/Carlito-Bold.pfb></usr/share/texliv
e/texmf-dist/fonts/type1/typoland/carlito/Carlito-BoldItalic.pfb></usr/share/te
xlive/texmf-dist/fonts/type1/typoland/carlito/Carlito-Italic.pfb></usr/share/te
xlive/texmf-dist/fonts/type1/typoland/carlito/Carlito.pfb>
Output written on "Template Latex - Apresentacao - IFSP - SBV.pdf" (30 pages, 4
645294 bytes).
PDF statistics:
 1488 PDF objects out of 1728 (max. 8388607)
 1344 compressed objects within 14 object streams
 88 named destinations out of 1000 (max. 500000)
 76180 words of extra memory for PDF output out of 89155 (max. 10000000)

